2026-06-09 02:26:05,483 - MainProcess[MainThread]- browser_manager      - INFO    : BROWSER 2902728772: Launching browser...
2026-06-09 02:26:05,484 - MainProcess[MainThread]- browser_manager      - DEBUG   : BROWSER 2902728772: Spawn attempt 0 
2026-06-09 02:26:05,488 - MainProcess[MainThread]- storage_controller   - INFO    : Initializing new handler for TaskManager
2026-06-09 02:26:05,494 - MainProcess[MainThread]- deploy_firefox       - DEBUG   : BROWSER 2902728772: Saved extension config file to: /tmp/firefox_profile_xyp3s7ww/browser_params.json
2026-06-09 02:26:05,544 - MainProcess[log-interceptor-2902728772]- selenium_firefox     - DEBUG   : BROWSER 2902728772: driver: 1780964765543	geckodriver	INFO	Listening on 127.0.0.1:20727
2026-06-09 02:26:05,581 - MainProcess[log-interceptor-2902728772]- selenium_firefox     - DEBUG   : BROWSER 2902728772: driver: 1780964765581	mozrunner::runner	INFO	Running command: MOZ_CRASHREPORTER="1" MOZ_CRASHREPORTER_NO_REPORT="1" MOZ_CRASHREPORTER_SHUTDOWN="1" "/home/pedro/Escritorio ...  "--headless" "--width=1366" "--height=768" "--remote-debugging-port" "42093" "--remote-allow-hosts" "localhost" "-no-remote"
2026-06-09 02:26:05,897 - MainProcess[log-interceptor-2902728772]- selenium_firefox     - DEBUG   : BROWSER 2902728772: driver: *** You are running in headless mode.
2026-06-09 02:26:06,577 - MainProcess[log-interceptor-2902728772]- selenium_firefox     - DEBUG   : BROWSER 2902728772: driver: console.warn: services.settings: Ignoring preference override of remote settings server
2026-06-09 02:26:06,578 - MainProcess[log-interceptor-2902728772]- selenium_firefox     - DEBUG   : BROWSER 2902728772: driver: console.warn: services.settings: Allow by setting MOZ_REMOTE_SETTINGS_DEVTOOLS=1 in the environment
2026-06-09 02:26:07,370 - MainProcess[log-interceptor-2902728772]- selenium_firefox     - DEBUG   : BROWSER 2902728772: driver: 1780964767370	Marionette	INFO	Marionette enabled
2026-06-09 02:26:07,564 - MainProcess[log-interceptor-2902728772]- selenium_firefox     - DEBUG   : BROWSER 2902728772: driver: console.error: "Warning: unrecognized command line flag" "-width"
2026-06-09 02:26:07,565 - MainProcess[log-interceptor-2902728772]- selenium_firefox     - DEBUG   : BROWSER 2902728772: driver: console.error: "Warning: unrecognized command line flag" "-height"
2026-06-09 02:26:07,652 - MainProcess[log-interceptor-2902728772]- selenium_firefox     - DEBUG   : BROWSER 2902728772: driver: 1780964767651	Marionette	INFO	Listening on port 13583
2026-06-09 02:26:07,682 - MainProcess[log-interceptor-2902728772]- selenium_firefox     - DEBUG   : BROWSER 2902728772: driver: WebDriver BiDi listening on ws://127.0.0.1:42093
2026-06-09 02:26:07,684 - MainProcess[log-interceptor-2902728772]- selenium_firefox     - DEBUG   : BROWSER 2902728772: driver: Read port: 13583
2026-06-09 02:26:07,757 - MainProcess[log-interceptor-2902728772]- selenium_firefox     - DEBUG   : BROWSER 2902728772: driver: 1780964767757	RemoteAgent	WARN	TLS certificate errors will be ignored for this session
2026-06-09 02:26:10,488 - MainProcess[MainThread]- storage_controller   - DEBUG   : StorageController status: There are currently 0 scheduled tasks for 0 visit_ids
2026-06-09 02:26:11,016 - MainProcess[MainThread]- deploy_firefox       - DEBUG   : BROWSER 2902728772: OpenWPM Firefox extension loaded
2026-06-09 02:26:11,021 - MainProcess[MainThread]- browser_manager      - DEBUG   : BROWSER 2902728772: Looking for extension port information in /tmp/firefox_profile_xyp3s7ww
2026-06-09 02:26:11,023 - MainProcess[MainThread]- storage_controller   - INFO    : Initializing new handler for Browser-2902728772
2026-06-09 02:26:11,024 - MainProcess[Thread-1 (_start_listener)]- FirefoxExtension     - DEBUG   : Navigation instrumentation enabled
2026-06-09 02:26:11,025 - MainProcess[log-interceptor-2902728772]- selenium_firefox     - DEBUG   : BROWSER 2902728772: driver: console.log: WebExtensions: Wrote to /tmp/firefox_profile_xyp3s7ww/extension_port.txt
2026-06-09 02:26:11,027 - MainProcess[Thread-1 (_start_listener)]- FirefoxExtension     - DEBUG   : Cookie instrumentation enabled
2026-06-09 02:26:11,027 - MainProcess[Thread-1 (_start_listener)]- FirefoxExtension     - DEBUG   : Javascript instrumentation enabled
2026-06-09 02:26:11,046 - MainProcess[Thread-1 (_start_listener)]- FirefoxExtension     - DEBUG   : HTTP Instrumentation enabled
2026-06-09 02:26:11,049 - MainProcess[Thread-1 (_start_listener)]- FirefoxExtension     - DEBUG   : DNS instrumentation enabled
2026-06-09 02:26:11,051 - MainProcess[log-interceptor-2902728772]- selenium_firefox     - DEBUG   : BROWSER 2902728772: driver: console.log: WebExtensions: Wrote to /tmp/firefox_profile_xyp3s7ww/OPENWPM_STARTUP_SUCCESS.txt
2026-06-09 02:26:11,121 - MainProcess[MainThread]- browser_manager      - DEBUG   : BROWSER 2902728772: Connecting to extension on port 25693
2026-06-09 02:26:11,122 - MainProcess[MainThread]- browser_manager      - DEBUG   : BROWSER 2902728772: BrowserManager ready.
2026-06-09 02:26:11,123 - MainProcess[MainThread]- browser_manager      - DEBUG   : BROWSER 2902728772: Browser spawn successful!
2026-06-09 02:26:11,194 - MainProcess[MainThread]- storage_controller   - INFO    : Initializing new handler for StorageControllerHandle
2026-06-09 02:26:11,199 - MainProcess[MainThread]- storage_controller   - INFO    : Awaiting all tasks for visit_id -1
2026-06-09 02:26:11,200 - MainProcess[MainThread]- storage_controller   - DEBUG   : Awaited all tasks for visit_id -1 while finalizing
2026-06-09 02:26:11,207 - MainProcess[MainThread]- task_manager         - INFO    : 

OpenWPM Version: b'v0.32.0'
Firefox Version: b'148.0'

========== Manager Configuration ==========
{
  "_failure_limit": null,
  "data_directory": "/home/pedro/Escritorio/UNI/CUARTO/tfg/Herramienta_Priv/output/abc.es_20260609_022601/openwpm",
  "log_path": "/home/pedro/Escritorio/UNI/CUARTO/tfg/Herramienta_Priv/output/abc.es_20260609_022601/openwpm/openwpm.log",
  "logger_address": [
    "127.0.0.1",
    20713
  ],
  "memory_watchdog": false,
  "num_browsers": 1,
  "process_watchdog": false,
  "screenshot_path": "/home/pedro/Escritorio/UNI/CUARTO/tfg/Herramienta_Priv/output/abc.es_20260609_022601/openwpm/screenshots",
  "source_dump_path": "/home/pedro/Escritorio/UNI/CUARTO/tfg/Herramienta_Priv/output/abc.es_20260609_022601/openwpm/sources",
  "storage_controller_address": [
    "127.0.0.1",
    35207
  ],
  "testing": false
}

========== Browser Configuration ==========
Keys:
{
  "browser_id": 0,
  "bot_mitigation": 1,
  "browser": 2,
  "callstack_instrument": 3,
  "cookie_instrument": 4,
  "custom_params": 5,
  "display_mode": 6,
  "dns_instrument": 7,
  "donottrack": 8,
  "http_instrument": 9,
  "js_instrument": 10,
  "js_instrument_settings": 11,
  "maximum_profile_size": 12,
  "navigation_instrument": 13,
  "prefs": 14,
  "profile_path": 15,
  "recovery_tar": 16,
  "save_content": 17,
  "tmp_profile_dir": 18,
  "tp_cookies": 19,
  "tracking_protection": 20
}

         0  1      2        3      4     5    6         7     8      9     10    11                             12    13    14    15    16    17     18    19      20
----------  -----  -------  -----  ----  ---  --------  ----  -----  ----  ----  -----------------------------  ----  ----  ----  ----  ----  -----  ----  ------  -----
2902728772  False  firefox  False  True  {}   headless  True  False  True  True  ['collection_fingerprinting']        True  {}                False  /tmp  always  False

========== JS Instrument Settings ==========
{"2902728772":[{"object":"window['ScriptProcessorNode'].prototype","instrumentedName":"ScriptProcessorNode","logSettings":{"propertiesToInstrument":[],"nonExistingPropertiesToInstrument":[],"excludedProperties":[],"logCallStack":false,"logFunctionsAsStrings":false,"logFunctionGets":false,"preventSets":false,"recursive":false,"depth":5}},{"object":"window['GainNode'].prototype","instrumentedName":"GainNode","logSettings":{"propertiesToInstrument":[],"nonExistingPropertiesToInstrument":[],"excludedProperties":[],"logCallStack":false,"logFunctionsAsStrings":false,"logFunctionGets":false,"preventSets":false,"recursive":false,"depth":5}},{"object":"window['AnalyserNode'].prototype","instrumentedName":"AnalyserNode","logSettings":{"propertiesToInstrument":[],"nonExistingPropertiesToInstrument":[],"excludedProperties":[],"logCallStack":false,"logFunctionsAsStrings":false,"logFunctionGets":false,"preventSets":false,"recursive":false,"depth":5}},{"object":"window['OscillatorNode'].prototype","instrumentedName":"OscillatorNode","logSettings":{"propertiesToInstrument":[],"nonExistingPropertiesToInstrument":[],"excludedProperties":[],"logCallStack":false,"logFunctionsAsStrings":false,"logFunctionGets":false,"preventSets":false,"recursive":false,"depth":5}},{"object":"window['OfflineAudioContext'].prototype","instrumentedName":"OfflineAudioContext","logSettings":{"propertiesToInstrument":[],"nonExistingPropertiesToInstrument":[],"excludedProperties":[],"logCallStack":false,"logFunctionsAsStrings":false,"logFunctionGets":false,"preventSets":false,"recursive":false,"depth":5}},{"object":"window['AudioContext'].prototype","instrumentedName":"AudioContext","logSettings":{"propertiesToInstrument":[],"nonExistingPropertiesToInstrument":[],"excludedProperties":[],"logCallStack":false,"logFunctionsAsStrings":false,"logFunctionGets":false,"preventSets":false,"recursive":false,"depth":5}},{"object":"window['RTCPeerConnection'].prototype","instrumentedName":"RTCPeerConnection","logSettings":{"propertiesToInstrument":[],"nonExistingPropertiesToInstrument":[],"excludedProperties":[],"logCallStack":false,"logFunctionsAsStrings":false,"logFunctionGets":false,"preventSets":false,"recursive":false,"depth":5}},{"object":"window['HTMLCanvasElement'].prototype","instrumentedName":"HTMLCanvasElement","logSettings":{"propertiesToInstrument":[],"nonExistingPropertiesToInstrument":[],"excludedProperties":[],"logCallStack":false,"logFunctionsAsStrings":false,"logFunctionGets":false,"preventSets":false,"recursive":false,"depth":5}},{"object":"window['Storage'].prototype","instrumentedName":"Storage","logSettings":{"propertiesToInstrument":[],"nonExistingPropertiesToInstrument":[],"excludedProperties":[],"logCallStack":false,"logFunctionsAsStrings":false,"logFunctionGets":false,"preventSets":false,"recursive":false,"depth":5}},{"object":"window.navigator","instrumentedName":"window.navigator","logSettings":{"propertiesToInstrument":[],"nonExistingPropertiesToInstrument":[],"excludedProperties":[],"logCallStack":false,"logFunctionsAsStrings":false,"logFunctionGets":false,"preventSets":false,"recursive":false,"depth":5}},{"object":"window['CanvasRenderingContext2D'].prototype","instrumentedName":"CanvasRenderingContext2D","logSettings":{"propertiesToInstrument":[],"nonExistingPropertiesToInstrument":[],"excludedProperties":["quadraticCurveTo","setTransform","clearRect","translate","transform","globalAlpha","drawImage","closePath","lineTo","canvas","beginPath","moveTo"],"logCallStack":false,"logFunctionsAsStrings":false,"logFunctionGets":false,"preventSets":false,"recursive":false,"depth":5}},{"object":"window","instrumentedName":"window","logSettings":{"propertiesToInstrument":["sessionStorage","name","localStorage"],"nonExistingPropertiesToInstrument":[],"excludedProperties":[],"logCallStack":false,"logFunctionsAsStrings":false,"logFunctionGets":false,"preventSets":false,"recursive":false,"depth":5}},{"object":"window.document","instrumentedName":"window.document","logSettings":{"propertiesToInstrument":["cookie","referrer"],"nonExistingPropertiesToInstrument":[],"excludedProperties":[],"logCallStack":true,"logFunctionsAsStrings":false,"logFunctionGets":false,"preventSets":false,"recursive":false,"depth":5}},{"object":"window.screen","instrumentedName":"window.screen","logSettings":{"propertiesToInstrument":["pixelDepth","colorDepth"],"nonExistingPropertiesToInstrument":[],"excludedProperties":[],"logCallStack":false,"logFunctionsAsStrings":false,"logFunctionGets":false,"preventSets":false,"recursive":false,"depth":5}}]}

========== Input profile tar files ==========
  No profile tar files specified

========== Output (archive) profile dirs ==========
  No profile archive directories specified


2026-06-09 02:26:11,214 - MainProcess[MainThread]- task_manager         - DEBUG   : Checking command failure status indicator...
2026-06-09 02:26:11,217 - MainProcess[BrowserManagerHandle-2902728772]- browser_manager      - INFO    : Starting to work on CommandSequence with visit_id 1301286951319994 on browser with id 2902728772
2026-06-09 02:26:11,219 - MainProcess[MainThread]- browser_manager      - INFO    : BROWSER 2902728772: EXECUTING COMMAND: InitializeCommand()
2026-06-09 02:26:11,222 - MainProcess[MainThread]- browser_manager      - INFO    : BROWSER 2902728772: EXECUTING COMMAND: GetCommand(https://www.abc.es,15)
2026-06-09 02:26:11,231 - MainProcess[MainThread]- storage_controller   - INFO    : Terminating handler for StorageControllerHandle, because the underlying socket closed
2026-06-09 02:26:11,255 - MainProcess[Thread-1 (_start_listener)]- FirefoxExtension     - DEBUG   : Setting visit_id the legacy way
2026-06-09 02:26:15,492 - MainProcess[MainThread]- storage_controller   - DEBUG   : StorageController status: There are currently 0 scheduled tasks for 1 visit_ids
2026-06-09 02:26:20,495 - MainProcess[MainThread]- storage_controller   - DEBUG   : StorageController status: There are currently 0 scheduled tasks for 1 visit_ids
2026-06-09 02:26:25,497 - MainProcess[MainThread]- storage_controller   - DEBUG   : StorageController status: There are currently 0 scheduled tasks for 1 visit_ids
2026-06-09 02:26:30,502 - MainProcess[MainThread]- storage_controller   - DEBUG   : StorageController status: There are currently 0 scheduled tasks for 1 visit_ids
2026-06-09 02:26:31,523 - MainProcess[MainThread]- browser_manager      - INFO    : BROWSER 2902728772: EXECUTING COMMAND: FinalizeCommand(5)
2026-06-09 02:26:31,687 - MainProcess[log-interceptor-2902728772]- selenium_firefox     - DEBUG   : BROWSER 2902728772: driver: JavaScript warning: https://www.abc.es/, line 6: Script terminated by timeout at:
2026-06-09 02:26:31,687 - MainProcess[log-interceptor-2902728772]- selenium_firefox     - DEBUG   : BROWSER 2902728772: driver: nrWrapper@https://www.abc.es/:6:8739
2026-06-09 02:26:31,688 - MainProcess[log-interceptor-2902728772]- selenium_firefox     - DEBUG   : BROWSER 2902728772: driver: 
2026-06-09 02:26:31,720 - MainProcess[log-interceptor-2902728772]- selenium_firefox     - DEBUG   : BROWSER 2902728772: driver: JavaScript error: undefined, line 0: Error: Invalid tab ID: 1
2026-06-09 02:26:31,721 - MainProcess[log-interceptor-2902728772]- selenium_firefox     - DEBUG   : BROWSER 2902728772: driver: JavaScript error: undefined, line 0: Error: Invalid tab ID: 1
2026-06-09 02:26:31,721 - MainProcess[log-interceptor-2902728772]- selenium_firefox     - DEBUG   : BROWSER 2902728772: driver: JavaScript error: undefined, line 0: Error: Invalid tab ID: 1
2026-06-09 02:26:31,721 - MainProcess[log-interceptor-2902728772]- selenium_firefox     - DEBUG   : BROWSER 2902728772: driver: JavaScript error: undefined, line 0: Error: Invalid tab ID: 1
2026-06-09 02:26:31,875 - MainProcess[log-interceptor-2902728772]- selenium_firefox     - DEBUG   : BROWSER 2902728772: driver: JavaScript error: undefined, line 0: Error: Invalid tab ID: 1
2026-06-09 02:26:35,504 - MainProcess[MainThread]- storage_controller   - DEBUG   : StorageController status: There are currently 0 scheduled tasks for 1 visit_ids
2026-06-09 02:26:36,798 - MainProcess[BrowserManagerHandle-2902728772]- browser_manager      - INFO    : Finished working on CommandSequence with visit_id 1301286951319994 on browser with id 2902728772
2026-06-09 02:26:36,800 - MainProcess[MainThread]- storage_controller   - INFO    : Awaiting all tasks for visit_id 1301286951319994
2026-06-09 02:26:36,801 - MainProcess[MainThread]- storage_controller   - DEBUG   : Awaited all tasks for visit_id 1301286951319994 while finalizing
2026-06-09 02:26:38,799 - MainProcess[MainThread]- browser_manager      - DEBUG   : BROWSER 2902728772: Closing browser manager...
2026-06-09 02:26:38,800 - MainProcess[MainThread]- browser_manager      - DEBUG   : BROWSER 2902728772: Closing browser...
2026-06-09 02:26:38,800 - MainProcess[MainThread]- browser_manager      - DEBUG   : BROWSER 2902728772: Joining command thread
2026-06-09 02:26:38,800 - MainProcess[MainThread]- browser_manager      - DEBUG   : BROWSER 2902728772: 0.000029 seconds to join command thread
2026-06-09 02:26:38,804 - MainProcess[log-interceptor-2902728772]- selenium_firefox     - DEBUG   : BROWSER 2902728772: driver: 1780964798804	Marionette	INFO	Stopped listening on port 13583
2026-06-09 02:26:39,458 - MainProcess[log-interceptor-2902728772]- selenium_firefox     - DEBUG   : BROWSER 2902728772: driver: console.error: services.settings:
2026-06-09 02:26:39,459 - MainProcess[log-interceptor-2902728772]- selenium_firefox     - DEBUG   : BROWSER 2902728772: driver: security-state/intermediates Signature failed  TypeError: NetworkError: Network request failed
2026-06-09 02:26:39,459 - MainProcess[log-interceptor-2902728772]- selenium_firefox     - DEBUG   : BROWSER 2902728772: driver: console.error: services.settings:
2026-06-09 02:26:39,459 - MainProcess[log-interceptor-2902728772]- selenium_firefox     - DEBUG   : BROWSER 2902728772: driver: Message: NetworkError: Network error: TypeError: NetworkError: Network request failed
2026-06-09 02:26:39,459 - MainProcess[log-interceptor-2902728772]- selenium_firefox     - DEBUG   : BROWSER 2902728772: driver: Stack:
2026-06-09 02:26:39,460 - MainProcess[log-interceptor-2902728772]- selenium_firefox     - DEBUG   : BROWSER 2902728772: driver: APIError@resource://services-settings/RemoteSettingsClient.sys.mjs:92:1
2026-06-09 02:26:39,460 - MainProcess[log-interceptor-2902728772]- selenium_firefox     - DEBUG   : BROWSER 2902728772: driver: NetworkError@resource://services-settings/RemoteSettingsClient.sys.mjs:96:5
2026-06-09 02:26:39,460 - MainProcess[log-interceptor-2902728772]- selenium_firefox     - DEBUG   : BROWSER 2902728772: driver: _adjustedError@resource://services-settings/RemoteSettingsClient.sys.mjs:990:14
2026-06-09 02:26:39,460 - MainProcess[log-interceptor-2902728772]- selenium_firefox     - DEBUG   : BROWSER 2902728772: driver: maybeSync@resource://services-settings/RemoteSettingsClient.sys.mjs:886:38
2026-06-09 02:26:39,461 - MainProcess[log-interceptor-2902728772]- selenium_firefox     - DEBUG   : BROWSER 2902728772: driver: observe@resource://gre/modules/AsyncShutdown.sys.mjs:570:17
2026-06-09 02:26:39,461 - MainProcess[log-interceptor-2902728772]- selenium_firefox     - DEBUG   : BROWSER 2902728772: driver: quit@chrome://remote/content/shared/Browser.sys.mjs:94:22
2026-06-09 02:26:39,462 - MainProcess[log-interceptor-2902728772]- selenium_firefox     - DEBUG   : BROWSER 2902728772: driver: GeckoDriver.prototype.quit@chrome://remote/content/marionette/driver.sys.mjs:3463:42
2026-06-09 02:26:39,462 - MainProcess[log-interceptor-2902728772]- selenium_firefox     - DEBUG   : BROWSER 2902728772: driver: dispatch@chrome://remote/content/marionette/server.sys.mjs:318:40
2026-06-09 02:26:39,462 - MainProcess[log-interceptor-2902728772]- selenium_firefox     - DEBUG   : BROWSER 2902728772: driver: execute@chrome://remote/content/marionette/server.sys.mjs:289:16
2026-06-09 02:26:39,463 - MainProcess[log-interceptor-2902728772]- selenium_firefox     - DEBUG   : BROWSER 2902728772: driver: onPacket/<@chrome://remote/content/marionette/server.sys.mjs:262:20
2026-06-09 02:26:39,463 - MainProcess[log-interceptor-2902728772]- selenium_firefox     - DEBUG   : BROWSER 2902728772: driver: onPacket@chrome://remote/content/marionette/server.sys.mjs:263:9
2026-06-09 02:26:39,463 - MainProcess[log-interceptor-2902728772]- selenium_firefox     - DEBUG   : BROWSER 2902728772: driver: _onJSONObjectReady/<@chrome://remote/content/marionette/transport.sys.mjs:494:20
2026-06-09 02:26:39,464 - MainProcess[log-interceptor-2902728772]- selenium_firefox     - DEBUG   : BROWSER 2902728772: driver: 
2026-06-09 02:26:39,481 - MainProcess[log-interceptor-2902728772]- selenium_firefox     - DEBUG   : BROWSER 2902728772: driver: console.warn: TopSitesFeed: Failed to fetch data from MARS server: NetworkError when attempting to fetch resource.
2026-06-09 02:26:39,500 - MainProcess[log-interceptor-2902728772]- selenium_firefox     - DEBUG   : BROWSER 2902728772: driver: console.warn: services.settings: main/devtools-compatibility-browsers sync interrupted by shutdown
2026-06-09 02:26:39,504 - MainProcess[log-interceptor-2902728772]- selenium_firefox     - DEBUG   : BROWSER 2902728772: driver: console.warn: services.settings: main/url-classifier-exceptions sync interrupted by shutdown
2026-06-09 02:26:39,505 - MainProcess[log-interceptor-2902728772]- selenium_firefox     - DEBUG   : BROWSER 2902728772: driver: console.warn: services.settings: main/tracking-protection-lists sync interrupted by shutdown
2026-06-09 02:26:39,514 - MainProcess[MainThread]- storage_controller   - INFO    : Terminating handler for Browser-2902728772, because the underlying socket closed
2026-06-09 02:26:39,507 - MainProcess[log-interceptor-2902728772]- selenium_firefox     - DEBUG   : BROWSER 2902728772: driver: console.warn: services.settings: main/search-telemetry-v2 sync interrupted by shutdown
2026-06-09 02:26:39,509 - MainProcess[log-interceptor-2902728772]- selenium_firefox     - DEBUG   : BROWSER 2902728772: driver: console.warn: services.settings: main/translations-models sync interrupted by shutdown
2026-06-09 02:26:39,510 - MainProcess[log-interceptor-2902728772]- selenium_firefox     - DEBUG   : BROWSER 2902728772: driver: console.warn: services.settings: main/cfr sync interrupted by shutdown
2026-06-09 02:26:39,512 - MainProcess[log-interceptor-2902728772]- selenium_firefox     - DEBUG   : BROWSER 2902728772: driver: console.warn: services.settings: main/message-groups sync interrupted by shutdown
2026-06-09 02:26:39,513 - MainProcess[log-interceptor-2902728772]- selenium_firefox     - DEBUG   : BROWSER 2902728772: driver: console.warn: services.settings: security-state/onecrl sync interrupted by shutdown
2026-06-09 02:26:39,513 - MainProcess[log-interceptor-2902728772]- selenium_firefox     - DEBUG   : BROWSER 2902728772: driver: console.warn: services.settings: main/search-config-v2 sync interrupted by shutdown
2026-06-09 02:26:39,514 - MainProcess[log-interceptor-2902728772]- selenium_firefox     - DEBUG   : BROWSER 2902728772: driver: console.error: WebExtensions:
2026-06-09 02:26:39,515 - MainProcess[log-interceptor-2902728772]- selenium_firefox     - DEBUG   : BROWSER 2902728772: driver: Message: [Exception... "Component returned failure code: 0x804b0010 (NS_ERROR_OFFLINE) [nsIInputStream.available]"  nsresult: "0x804b0010 (NS_ERROR_OFFLINE)"  location: "JS frame :: jar:file:///tmp/addon-f5c8103a-0595-4a11-b7f5-9bdc1c4ad022.xpi!/privileged/sockets/api.js :: onInputStreamReady :: line 49"  data: no]
2026-06-09 02:26:39,515 - MainProcess[log-interceptor-2902728772]- selenium_firefox     - DEBUG   : BROWSER 2902728772: driver: Stack:
2026-06-09 02:26:39,515 - MainProcess[log-interceptor-2902728772]- selenium_firefox     - DEBUG   : BROWSER 2902728772: driver: onInputStreamReady@jar:file:///tmp/addon-f5c8103a-0595-4a11-b7f5-9bdc1c4ad022.xpi!/privileged/sockets/api.js:49:33
2026-06-09 02:26:39,515 - MainProcess[log-interceptor-2902728772]- selenium_firefox     - DEBUG   : BROWSER 2902728772: driver: 
2026-06-09 02:26:39,516 - MainProcess[log-interceptor-2902728772]- selenium_firefox     - DEBUG   : BROWSER 2902728772: driver: console.warn: services.settings: main/search-config-icons sync interrupted by shutdown
2026-06-09 02:26:39,538 - MainProcess[log-interceptor-2902728772]- selenium_firefox     - DEBUG   : BROWSER 2902728772: driver: console.warn: services.settings: main/moz-essential-domain-fallbacks sync interrupted by shutdown
2026-06-09 02:26:39,539 - MainProcess[log-interceptor-2902728772]- selenium_firefox     - DEBUG   : BROWSER 2902728772: driver: console.warn: services.settings: main/search-default-override-allowlist sync interrupted by shutdown
2026-06-09 02:26:39,540 - MainProcess[log-interceptor-2902728772]- selenium_firefox     - DEBUG   : BROWSER 2902728772: driver: console.warn: services.settings: main/addons-data-leak-blocker-domains sync interrupted by shutdown
2026-06-09 02:26:39,541 - MainProcess[log-interceptor-2902728772]- selenium_firefox     - DEBUG   : BROWSER 2902728772: driver: console.warn: services.settings: main/urlbar-persisted-search-terms sync interrupted by shutdown
2026-06-09 02:26:39,542 - MainProcess[log-interceptor-2902728772]- selenium_firefox     - DEBUG   : BROWSER 2902728772: driver: console.warn: services.settings: main/fingerprinting-protection-overrides sync interrupted by shutdown
2026-06-09 02:26:39,542 - MainProcess[log-interceptor-2902728772]- selenium_firefox     - DEBUG   : BROWSER 2902728772: driver: console.warn: services.settings: main/devtools-devices sync interrupted by shutdown
2026-06-09 02:26:39,543 - MainProcess[log-interceptor-2902728772]- selenium_firefox     - DEBUG   : BROWSER 2902728772: driver: console.warn: services.settings: main/remote-permissions sync interrupted by shutdown
2026-06-09 02:26:39,545 - MainProcess[log-interceptor-2902728772]- selenium_firefox     - DEBUG   : BROWSER 2902728772: driver: console.warn: services.settings: main/doh-providers sync interrupted by shutdown
2026-06-09 02:26:39,545 - MainProcess[log-interceptor-2902728772]- selenium_firefox     - DEBUG   : BROWSER 2902728772: driver: console.warn: services.settings: main/newtab-frecency-boosted-sponsors sync interrupted by shutdown
2026-06-09 02:26:39,547 - MainProcess[log-interceptor-2902728772]- selenium_firefox     - DEBUG   : BROWSER 2902728772: driver: console.warn: services.settings: main/websites-with-shared-credential-backends sync interrupted by shutdown
2026-06-09 02:26:39,548 - MainProcess[log-interceptor-2902728772]- selenium_firefox     - DEBUG   : BROWSER 2902728772: driver: console.warn: services.settings: main/password-rules sync interrupted by shutdown
2026-06-09 02:26:39,549 - MainProcess[log-interceptor-2902728772]- selenium_firefox     - DEBUG   : BROWSER 2902728772: driver: console.warn: services.settings: main/top-sites sync interrupted by shutdown
2026-06-09 02:26:39,550 - MainProcess[log-interceptor-2902728772]- selenium_firefox     - DEBUG   : BROWSER 2902728772: driver: console.warn: services.settings: main/webcompat-interventions sync interrupted by shutdown
2026-06-09 02:26:39,552 - MainProcess[log-interceptor-2902728772]- selenium_firefox     - DEBUG   : BROWSER 2902728772: driver: console.warn: services.settings: main/doh-config sync interrupted by shutdown
2026-06-09 02:26:39,553 - MainProcess[log-interceptor-2902728772]- selenium_firefox     - DEBUG   : BROWSER 2902728772: driver: console.warn: services.settings: main/translations-wasm sync interrupted by shutdown
2026-06-09 02:26:39,553 - MainProcess[log-interceptor-2902728772]- selenium_firefox     - DEBUG   : BROWSER 2902728772: driver: console.warn: services.settings: main/partitioning-exempt-urls sync interrupted by shutdown
2026-06-09 02:26:39,566 - MainProcess[log-interceptor-2902728772]- selenium_firefox     - DEBUG   : BROWSER 2902728772: driver: console.error: (new AbortError("IndexedDB: main/ml-inference-request-options getLastModified() IndexedDB:  execute() A request was aborted, for example through a call to IDBTransaction.abort.", "resource://services-settings/IDBHelpers.sys.mjs", 16))
2026-06-09 02:26:39,706 - MainProcess[MainThread]- browser_manager      - DEBUG   : BROWSER 2902728772: Browser manager closed successfully.
2026-06-09 02:26:39,706 - MainProcess[MainThread]- browser_manager      - DEBUG   : BROWSER 2902728772: during_init=False | profile_archive_dir=None
2026-06-09 02:26:39,749 - MainProcess[MainThread]- storage_controller   - DEBUG   : Sending the shutdown signal to the Storage Controller...
2026-06-09 02:26:39,749 - MainProcess[MainThread]- storage_controller   - INFO    : Terminating handler for TaskManager, because the underlying socket closed
2026-06-09 02:26:40,499 - MainProcess[MainThread]- storage_controller   - INFO    : Received shutdown signal!
2026-06-09 02:26:40,500 - MainProcess[MainThread]- storage_controller   - INFO    : Closing Server
2026-06-09 02:26:40,502 - MainProcess[MainThread]- storage_controller   - INFO    : Closed Server
2026-06-09 02:26:40,503 - MainProcess[MainThread]- storage_controller   - INFO    : Cancelling status_queue_update
2026-06-09 02:26:40,504 - MainProcess[MainThread]- storage_controller   - INFO    : Cancelled status_queue_update
2026-06-09 02:26:40,506 - MainProcess[MainThread]- storage_controller   - INFO    : Cancelling timeout_check
2026-06-09 02:26:40,507 - MainProcess[MainThread]- storage_controller   - INFO    : Cancelled timeout_check
2026-06-09 02:26:40,509 - MainProcess[MainThread]- storage_controller   - INFO    : Starting wait_closed
2026-06-09 02:26:40,510 - MainProcess[MainThread]- storage_controller   - INFO    : Completed wait_closed
2026-06-09 02:26:40,511 - MainProcess[MainThread]- storage_controller   - INFO    : Entering self.shutdown
2026-06-09 02:26:45,522 - MainProcess[MainThread]- storage_controller   - INFO    : structured_storage is shut down
2026-06-09 02:26:45,556 - MainProcess[MainThread]- storage_controller   - DEBUG   : StorageControllerHandle took 5.806416988372803 seconds to close.
