2026-06-09 03:44:37,567 - MainProcess[MainThread]- browser_manager      - INFO    : BROWSER 3507441808: Launching browser...
2026-06-09 03:44:37,568 - MainProcess[MainThread]- browser_manager      - DEBUG   : BROWSER 3507441808: Spawn attempt 0 
2026-06-09 03:44:37,594 - MainProcess[MainThread]- deploy_firefox       - DEBUG   : BROWSER 3507441808: Saved extension config file to: /tmp/firefox_profile_w_wiecd8/browser_params.json
2026-06-09 03:44:37,605 - MainProcess[log-interceptor-3507441808]- selenium_firefox     - DEBUG   : BROWSER 3507441808: driver: 1780969477605	geckodriver	INFO	Listening on 127.0.0.1:28767
2026-06-09 03:44:37,599 - MainProcess[MainThread]- storage_controller   - INFO    : Initializing new handler for TaskManager
2026-06-09 03:44:37,654 - MainProcess[log-interceptor-3507441808]- selenium_firefox     - DEBUG   : BROWSER 3507441808: driver: 1780969477654	mozrunner::runner	INFO	Running command: MOZ_CRASHREPORTER="1" MOZ_CRASHREPORTER_NO_REPORT="1" MOZ_CRASHREPORTER_SHUTDOWN="1" "/home/pedro/Escritorio ...  "--headless" "--width=1366" "--height=768" "--remote-debugging-port" "36521" "--remote-allow-hosts" "localhost" "-no-remote"
2026-06-09 03:44:37,702 - MainProcess[log-interceptor-3507441808]- selenium_firefox     - DEBUG   : BROWSER 3507441808: driver: *** You are running in headless mode.
2026-06-09 03:44:37,837 - MainProcess[log-interceptor-3507441808]- selenium_firefox     - DEBUG   : BROWSER 3507441808: driver: console.warn: services.settings: Ignoring preference override of remote settings server
2026-06-09 03:44:37,838 - MainProcess[log-interceptor-3507441808]- selenium_firefox     - DEBUG   : BROWSER 3507441808: driver: console.warn: services.settings: Allow by setting MOZ_REMOTE_SETTINGS_DEVTOOLS=1 in the environment
2026-06-09 03:44:38,474 - MainProcess[log-interceptor-3507441808]- selenium_firefox     - DEBUG   : BROWSER 3507441808: driver: 1780969478474	Marionette	INFO	Marionette enabled
2026-06-09 03:44:38,748 - MainProcess[log-interceptor-3507441808]- selenium_firefox     - DEBUG   : BROWSER 3507441808: driver: console.error: "Warning: unrecognized command line flag" "-width"
2026-06-09 03:44:38,749 - MainProcess[log-interceptor-3507441808]- selenium_firefox     - DEBUG   : BROWSER 3507441808: driver: console.error: "Warning: unrecognized command line flag" "-height"
2026-06-09 03:44:38,799 - MainProcess[log-interceptor-3507441808]- selenium_firefox     - DEBUG   : BROWSER 3507441808: driver: 1780969478799	Marionette	INFO	Listening on port 21611
2026-06-09 03:44:38,834 - MainProcess[log-interceptor-3507441808]- selenium_firefox     - DEBUG   : BROWSER 3507441808: driver: WebDriver BiDi listening on ws://127.0.0.1:36521
2026-06-09 03:44:38,871 - MainProcess[log-interceptor-3507441808]- selenium_firefox     - DEBUG   : BROWSER 3507441808: driver: Read port: 21611
2026-06-09 03:44:39,075 - MainProcess[log-interceptor-3507441808]- selenium_firefox     - DEBUG   : BROWSER 3507441808: driver: 1780969479073	RemoteAgent	WARN	TLS certificate errors will be ignored for this session
2026-06-09 03:44:42,574 - MainProcess[MainThread]- storage_controller   - DEBUG   : StorageController status: There are currently 0 scheduled tasks for 0 visit_ids
2026-06-09 03:44:44,011 - MainProcess[MainThread]- deploy_firefox       - DEBUG   : BROWSER 3507441808: OpenWPM Firefox extension loaded
2026-06-09 03:44:44,025 - MainProcess[MainThread]- browser_manager      - DEBUG   : BROWSER 3507441808: Looking for extension port information in /tmp/firefox_profile_w_wiecd8
2026-06-09 03:44:44,027 - MainProcess[log-interceptor-3507441808]- selenium_firefox     - DEBUG   : BROWSER 3507441808: driver: console.log: WebExtensions: Wrote to /tmp/firefox_profile_w_wiecd8/extension_port.txt
2026-06-09 03:44:44,027 - MainProcess[Thread-1 (_start_listener)]- FirefoxExtension     - DEBUG   : Navigation instrumentation enabled
2026-06-09 03:44:44,031 - MainProcess[Thread-1 (_start_listener)]- FirefoxExtension     - DEBUG   : Cookie instrumentation enabled
2026-06-09 03:44:44,031 - MainProcess[Thread-1 (_start_listener)]- FirefoxExtension     - DEBUG   : Javascript instrumentation enabled
2026-06-09 03:44:44,025 - MainProcess[MainThread]- storage_controller   - INFO    : Initializing new handler for Browser-3507441808
2026-06-09 03:44:44,090 - MainProcess[Thread-1 (_start_listener)]- FirefoxExtension     - DEBUG   : HTTP Instrumentation enabled
2026-06-09 03:44:44,093 - MainProcess[Thread-1 (_start_listener)]- FirefoxExtension     - DEBUG   : DNS instrumentation enabled
2026-06-09 03:44:44,095 - MainProcess[log-interceptor-3507441808]- selenium_firefox     - DEBUG   : BROWSER 3507441808: driver: console.log: WebExtensions: Wrote to /tmp/firefox_profile_w_wiecd8/OPENWPM_STARTUP_SUCCESS.txt
2026-06-09 03:44:44,126 - MainProcess[MainThread]- browser_manager      - DEBUG   : BROWSER 3507441808: Connecting to extension on port 33179
2026-06-09 03:44:44,127 - MainProcess[MainThread]- browser_manager      - DEBUG   : BROWSER 3507441808: BrowserManager ready.
2026-06-09 03:44:44,128 - MainProcess[MainThread]- browser_manager      - DEBUG   : BROWSER 3507441808: Browser spawn successful!
2026-06-09 03:44:44,195 - MainProcess[MainThread]- storage_controller   - INFO    : Initializing new handler for StorageControllerHandle
2026-06-09 03:44:44,200 - MainProcess[MainThread]- storage_controller   - INFO    : Awaiting all tasks for visit_id -1
2026-06-09 03:44:44,201 - MainProcess[MainThread]- storage_controller   - DEBUG   : Awaited all tasks for visit_id -1 while finalizing
2026-06-09 03:44:44,207 - MainProcess[MainThread]- task_manager         - INFO    : 

OpenWPM Version: b'v0.32.0'
Firefox Version: b'148.0'

========== Manager Configuration ==========
{
  "_failure_limit": null,
  "data_directory": "/home/pedro/Escritorio/UNI/CUARTO/tfg/Herramienta_Priv/output/abc.es_20260609_034433/openwpm",
  "log_path": "/home/pedro/Escritorio/UNI/CUARTO/tfg/Herramienta_Priv/output/abc.es_20260609_034433/openwpm/openwpm.log",
  "logger_address": [
    "127.0.0.1",
    35403
  ],
  "memory_watchdog": false,
  "num_browsers": 1,
  "process_watchdog": false,
  "screenshot_path": "/home/pedro/Escritorio/UNI/CUARTO/tfg/Herramienta_Priv/output/abc.es_20260609_034433/openwpm/screenshots",
  "source_dump_path": "/home/pedro/Escritorio/UNI/CUARTO/tfg/Herramienta_Priv/output/abc.es_20260609_034433/openwpm/sources",
  "storage_controller_address": [
    "127.0.0.1",
    29489
  ],
  "testing": false
}

========== Browser Configuration ==========
Keys:
{
  "browser_id": 0,
  "bot_mitigation": 1,
  "browser": 2,
  "callstack_instrument": 3,
  "cookie_instrument": 4,
  "custom_params": 5,
  "display_mode": 6,
  "dns_instrument": 7,
  "donottrack": 8,
  "http_instrument": 9,
  "js_instrument": 10,
  "js_instrument_settings": 11,
  "maximum_profile_size": 12,
  "navigation_instrument": 13,
  "prefs": 14,
  "profile_path": 15,
  "recovery_tar": 16,
  "save_content": 17,
  "tmp_profile_dir": 18,
  "tp_cookies": 19,
  "tracking_protection": 20
}

         0  1      2        3      4     5    6         7     8      9     10    11                             12    13    14    15    16    17     18    19      20
----------  -----  -------  -----  ----  ---  --------  ----  -----  ----  ----  -----------------------------  ----  ----  ----  ----  ----  -----  ----  ------  -----
3507441808  False  firefox  False  True  {}   headless  True  False  True  True  ['collection_fingerprinting']        True  {}                False  /tmp  always  False

========== JS Instrument Settings ==========
{"3507441808":[{"object":"window['ScriptProcessorNode'].prototype","instrumentedName":"ScriptProcessorNode","logSettings":{"propertiesToInstrument":[],"nonExistingPropertiesToInstrument":[],"excludedProperties":[],"logCallStack":false,"logFunctionsAsStrings":false,"logFunctionGets":false,"preventSets":false,"recursive":false,"depth":5}},{"object":"window['GainNode'].prototype","instrumentedName":"GainNode","logSettings":{"propertiesToInstrument":[],"nonExistingPropertiesToInstrument":[],"excludedProperties":[],"logCallStack":false,"logFunctionsAsStrings":false,"logFunctionGets":false,"preventSets":false,"recursive":false,"depth":5}},{"object":"window['AnalyserNode'].prototype","instrumentedName":"AnalyserNode","logSettings":{"propertiesToInstrument":[],"nonExistingPropertiesToInstrument":[],"excludedProperties":[],"logCallStack":false,"logFunctionsAsStrings":false,"logFunctionGets":false,"preventSets":false,"recursive":false,"depth":5}},{"object":"window['OscillatorNode'].prototype","instrumentedName":"OscillatorNode","logSettings":{"propertiesToInstrument":[],"nonExistingPropertiesToInstrument":[],"excludedProperties":[],"logCallStack":false,"logFunctionsAsStrings":false,"logFunctionGets":false,"preventSets":false,"recursive":false,"depth":5}},{"object":"window['OfflineAudioContext'].prototype","instrumentedName":"OfflineAudioContext","logSettings":{"propertiesToInstrument":[],"nonExistingPropertiesToInstrument":[],"excludedProperties":[],"logCallStack":false,"logFunctionsAsStrings":false,"logFunctionGets":false,"preventSets":false,"recursive":false,"depth":5}},{"object":"window['AudioContext'].prototype","instrumentedName":"AudioContext","logSettings":{"propertiesToInstrument":[],"nonExistingPropertiesToInstrument":[],"excludedProperties":[],"logCallStack":false,"logFunctionsAsStrings":false,"logFunctionGets":false,"preventSets":false,"recursive":false,"depth":5}},{"object":"window['RTCPeerConnection'].prototype","instrumentedName":"RTCPeerConnection","logSettings":{"propertiesToInstrument":[],"nonExistingPropertiesToInstrument":[],"excludedProperties":[],"logCallStack":false,"logFunctionsAsStrings":false,"logFunctionGets":false,"preventSets":false,"recursive":false,"depth":5}},{"object":"window['HTMLCanvasElement'].prototype","instrumentedName":"HTMLCanvasElement","logSettings":{"propertiesToInstrument":[],"nonExistingPropertiesToInstrument":[],"excludedProperties":[],"logCallStack":false,"logFunctionsAsStrings":false,"logFunctionGets":false,"preventSets":false,"recursive":false,"depth":5}},{"object":"window['Storage'].prototype","instrumentedName":"Storage","logSettings":{"propertiesToInstrument":[],"nonExistingPropertiesToInstrument":[],"excludedProperties":[],"logCallStack":false,"logFunctionsAsStrings":false,"logFunctionGets":false,"preventSets":false,"recursive":false,"depth":5}},{"object":"window.navigator","instrumentedName":"window.navigator","logSettings":{"propertiesToInstrument":[],"nonExistingPropertiesToInstrument":[],"excludedProperties":[],"logCallStack":false,"logFunctionsAsStrings":false,"logFunctionGets":false,"preventSets":false,"recursive":false,"depth":5}},{"object":"window['CanvasRenderingContext2D'].prototype","instrumentedName":"CanvasRenderingContext2D","logSettings":{"propertiesToInstrument":[],"nonExistingPropertiesToInstrument":[],"excludedProperties":["beginPath","closePath","transform","moveTo","translate","lineTo","canvas","globalAlpha","clearRect","quadraticCurveTo","setTransform","drawImage"],"logCallStack":false,"logFunctionsAsStrings":false,"logFunctionGets":false,"preventSets":false,"recursive":false,"depth":5}},{"object":"window","instrumentedName":"window","logSettings":{"propertiesToInstrument":["name","localStorage","sessionStorage"],"nonExistingPropertiesToInstrument":[],"excludedProperties":[],"logCallStack":false,"logFunctionsAsStrings":false,"logFunctionGets":false,"preventSets":false,"recursive":false,"depth":5}},{"object":"window.document","instrumentedName":"window.document","logSettings":{"propertiesToInstrument":["referrer","cookie"],"nonExistingPropertiesToInstrument":[],"excludedProperties":[],"logCallStack":true,"logFunctionsAsStrings":false,"logFunctionGets":false,"preventSets":false,"recursive":false,"depth":5}},{"object":"window.screen","instrumentedName":"window.screen","logSettings":{"propertiesToInstrument":["colorDepth","pixelDepth"],"nonExistingPropertiesToInstrument":[],"excludedProperties":[],"logCallStack":false,"logFunctionsAsStrings":false,"logFunctionGets":false,"preventSets":false,"recursive":false,"depth":5}}]}

========== Input profile tar files ==========
  No profile tar files specified

========== Output (archive) profile dirs ==========
  No profile archive directories specified


2026-06-09 03:44:44,209 - MainProcess[MainThread]- task_manager         - DEBUG   : Checking command failure status indicator...
2026-06-09 03:44:44,212 - MainProcess[BrowserManagerHandle-3507441808]- browser_manager      - INFO    : Starting to work on CommandSequence with visit_id 1895538228158224 on browser with id 3507441808
2026-06-09 03:44:44,214 - MainProcess[MainThread]- browser_manager      - INFO    : BROWSER 3507441808: EXECUTING COMMAND: InitializeCommand()
2026-06-09 03:44:44,215 - MainProcess[MainThread]- storage_controller   - INFO    : Terminating handler for StorageControllerHandle, because the underlying socket closed
2026-06-09 03:44:44,216 - MainProcess[MainThread]- browser_manager      - INFO    : BROWSER 3507441808: EXECUTING COMMAND: GetCommand(https://www.abc.es,15)
2026-06-09 03:44:44,268 - MainProcess[Thread-1 (_start_listener)]- FirefoxExtension     - DEBUG   : Setting visit_id the legacy way
2026-06-09 03:44:47,583 - MainProcess[MainThread]- storage_controller   - DEBUG   : StorageController status: There are currently 0 scheduled tasks for 1 visit_ids
2026-06-09 03:44:52,586 - MainProcess[MainThread]- storage_controller   - DEBUG   : StorageController status: There are currently 0 scheduled tasks for 1 visit_ids
2026-06-09 03:44:57,587 - MainProcess[MainThread]- storage_controller   - DEBUG   : StorageController status: There are currently 0 scheduled tasks for 1 visit_ids
2026-06-09 03:45:02,589 - MainProcess[MainThread]- storage_controller   - DEBUG   : StorageController status: There are currently 0 scheduled tasks for 1 visit_ids
2026-06-09 03:45:06,025 - MainProcess[MainThread]- browser_manager      - INFO    : BROWSER 3507441808: EXECUTING COMMAND: FinalizeCommand(5)
2026-06-09 03:45:06,169 - MainProcess[log-interceptor-3507441808]- selenium_firefox     - DEBUG   : BROWSER 3507441808: driver: JavaScript warning: https://www.abc.es/, line 6: Script terminated by timeout at:
2026-06-09 03:45:06,170 - MainProcess[log-interceptor-3507441808]- selenium_firefox     - DEBUG   : BROWSER 3507441808: driver: nrWrapper@https://www.abc.es/:6:8739
2026-06-09 03:45:06,170 - MainProcess[log-interceptor-3507441808]- selenium_firefox     - DEBUG   : BROWSER 3507441808: driver: 
2026-06-09 03:45:06,229 - MainProcess[log-interceptor-3507441808]- selenium_firefox     - DEBUG   : BROWSER 3507441808: driver: JavaScript error: undefined, line 0: Error: Invalid tab ID: 1
2026-06-09 03:45:06,229 - MainProcess[log-interceptor-3507441808]- selenium_firefox     - DEBUG   : BROWSER 3507441808: driver: JavaScript error: undefined, line 0: Error: Invalid tab ID: 1
2026-06-09 03:45:06,230 - MainProcess[log-interceptor-3507441808]- selenium_firefox     - DEBUG   : BROWSER 3507441808: driver: JavaScript error: undefined, line 0: Error: Invalid tab ID: 1
2026-06-09 03:45:06,230 - MainProcess[log-interceptor-3507441808]- selenium_firefox     - DEBUG   : BROWSER 3507441808: driver: JavaScript error: undefined, line 0: Error: Invalid tab ID: 1
2026-06-09 03:45:06,376 - MainProcess[log-interceptor-3507441808]- selenium_firefox     - DEBUG   : BROWSER 3507441808: driver: JavaScript error: undefined, line 0: Error: Invalid tab ID: 1
2026-06-09 03:45:07,592 - MainProcess[MainThread]- storage_controller   - DEBUG   : StorageController status: There are currently 0 scheduled tasks for 1 visit_ids
2026-06-09 03:45:11,235 - MainProcess[BrowserManagerHandle-3507441808]- browser_manager      - INFO    : Finished working on CommandSequence with visit_id 1895538228158224 on browser with id 3507441808
2026-06-09 03:45:11,236 - MainProcess[MainThread]- storage_controller   - INFO    : Awaiting all tasks for visit_id 1895538228158224
2026-06-09 03:45:11,237 - MainProcess[MainThread]- storage_controller   - DEBUG   : Awaited all tasks for visit_id 1895538228158224 while finalizing
2026-06-09 03:45:12,594 - MainProcess[MainThread]- storage_controller   - DEBUG   : StorageController status: There are currently 0 scheduled tasks for 0 visit_ids
2026-06-09 03:45:13,236 - MainProcess[MainThread]- browser_manager      - DEBUG   : BROWSER 3507441808: Closing browser manager...
2026-06-09 03:45:13,237 - MainProcess[MainThread]- browser_manager      - DEBUG   : BROWSER 3507441808: Closing browser...
2026-06-09 03:45:13,237 - MainProcess[MainThread]- browser_manager      - DEBUG   : BROWSER 3507441808: Joining command thread
2026-06-09 03:45:13,238 - MainProcess[MainThread]- browser_manager      - DEBUG   : BROWSER 3507441808: 0.000016 seconds to join command thread
2026-06-09 03:45:13,696 - MainProcess[log-interceptor-3507441808]- selenium_firefox     - DEBUG   : BROWSER 3507441808: driver: 1780969513696	Marionette	INFO	Stopped listening on port 21611
2026-06-09 03:45:14,661 - MainProcess[log-interceptor-3507441808]- selenium_firefox     - DEBUG   : BROWSER 3507441808: driver: console.error: services.settings:
2026-06-09 03:45:14,662 - MainProcess[log-interceptor-3507441808]- selenium_firefox     - DEBUG   : BROWSER 3507441808: driver: Object
2026-06-09 03:45:14,662 - MainProcess[log-interceptor-3507441808]- selenium_firefox     - DEBUG   : BROWSER 3507441808: driver: - prototype Object
2026-06-09 03:45:14,662 - MainProcess[log-interceptor-3507441808]- selenium_firefox     - DEBUG   : BROWSER 3507441808: driver: - columnNumber = 11
2026-06-09 03:45:14,662 - MainProcess[log-interceptor-3507441808]- selenium_firefox     - DEBUG   : BROWSER 3507441808: driver: - data = null
2026-06-09 03:45:14,663 - MainProcess[log-interceptor-3507441808]- selenium_firefox     - DEBUG   : BROWSER 3507441808: driver: - filename = resource://gre/modules/ServiceRequest.sys.mjs
2026-06-09 03:45:14,663 - MainProcess[log-interceptor-3507441808]- selenium_firefox     - DEBUG   : BROWSER 3507441808: driver: - lineNumber = 126
2026-06-09 03:45:14,663 - MainProcess[log-interceptor-3507441808]- selenium_firefox     - DEBUG   : BROWSER 3507441808: driver: - location = {"name":"open","filename":"resource://gre/modules/ServiceRequest.sys.mjs","sourceId":25,"lineNumber":126,"columnNumber":11,"asyncCause":null,"asyncCaller":null,"caller":{"filename":"resource://services-settings/Utils.sys.mjs","name":"fetch/<","sourceId":24,"lineNumber":273,"columnNumber":15,"asyncCause":null,"asyncCaller":null,"caller":{"filename":"resource://services-settings/Utils.sys.mjs","name":"fetch","sourceId":24,"lineNumber":224,"columnNumber":12,"asyncCause":null,"asyncCaller":null,"caller":{"filename":"resource://services-common/kinto-http-client.sys.mjs","name":"timedFetch/<","sourceId":731,"lineNumber":580,"columnNumber":12,"asyncCause":null,"asyncCaller":null,"caller":{"filename":"resource://services-common/kinto-http-client.sys.mjs","name":"timedFetch","sourceId":731,"lineNumber":555,"columnNumber":12,"asyncCause":null,"asyncCaller":null,"caller":{"filename":"resource://services-common/kinto-http-client.sys.mjs","name":"request","sourceId":731,"lineNumber":645,"columnNumber":33,"asyncCause":null,"asyncCaller":null,"caller":{"filename":"resource://services-common/kinto-http-client.sys.mjs","name":"execute","sourceId":731,"lineNumber":2613,"columnNumber":36,"asyncCause":null,"asyncCaller":null,"caller":{"filename":"resource://services-settings/RemoteSettingsClient.sys.mjs","name":"_fetchChangeset","sourceId":22,"lineNumber":1332,"columnNumber":22,"asyncCause":null,"asyncCaller":null,"caller":{"filename":"resource://services-settings/RemoteSettingsClient.sys.mjs","name":"_importChanges","sourceId":22,"lineNumber":1189,"columnNumber":18,"asyncCause":null,"asyncCaller":null,"caller":{"filename":"resource://services-settings/RemoteSettingsClient.sys.mjs","name":"maybeSync","sourceId":22,"lineNumber":814,"columnNumber":35,"asyncCause":null,"asyncCaller":null,"caller":null,"formattedStack":"maybeSync@resource://services-settings/RemoteSettingsClient.sys.mjs:814:35\n","nativeSavedFrame":{}},"formattedStack":"_importChanges@resource://services-settings/RemoteSettingsClient.sys.mjs:1189:18\nmaybeSync@resource://services-settings/RemoteSettingsClient.sys.mjs:814:35\n","nativeSavedFrame":{}},"formattedStack":"_fetchChangeset@resource://services-settings/RemoteSettingsClient.sys.mjs:1332:22\n_importChanges@resource://services-settings/RemoteSettingsClient.sys.mjs:1189:18\nmaybeSync@resource://services-settings/RemoteSettingsClient.sys.mjs:814:35\n","nativeSavedFrame":{}},"formattedStack":"execute@resource://services-common/kinto-http-client.sys.mjs:2613:36\n_fetchChangeset@resource://services-settings/RemoteSettingsClient.sys.mjs:1332:22\n_importChanges@resource://services-settings/RemoteSettingsClient.sys.mjs:1189:18\nmaybeSync@resource://services-settings/RemoteSettingsClient.sys.mjs:814:35\n","nativeSavedFrame":{}},"formattedStack":"request@resource://services-common/kinto-http-client.sys.mjs:645:33\nexecute@resource://services-common/kinto-http-client.sys.mjs:2613:36\n_fetchChangeset@resource://services-settings/RemoteSettingsClient.sys.mjs:1332:22\n_importChanges@resource://services-settings/RemoteSettingsClient.sys.mjs:1189:18\nmaybeSync@resource://services-settings/RemoteSettingsClient.sys.mjs:814:35\n","nativeSavedFrame":{}},"formattedStack":"timedFetch@resource://services-common/kinto-http-client.sys.mjs:555:12\nrequest@resource://services-common/kinto-http-client.sys.mjs:645:33\nexecute@resource://services-common/kinto-http-client.sys.mjs:2613:36\n_fetchChangeset@resource://services-settings/RemoteSettingsClient.sys.mjs:1332:22\n_importChanges@resource://services-settings/RemoteSettingsClient.sys.mjs:1189:18\nmaybeSync@resource://services-settings/RemoteSettingsClient.sys.mjs:814:35\n","nativeSavedFrame":{}},"formattedStack":"timedFetch/<@resource://services-common/kinto-http-client.sys.mjs:580:12\ntimedFetch@resource://services-common/kinto-http-client.sys.mjs:555:12\nrequest@resource://services-common/kinto-http-client.sys.mjs:645:33\nexecute@resource://services-common/kinto-http-client.sys.mjs:2613:36\n_fetchChangeset@resource://services-settings/RemoteSettingsClient.sys.mjs:1332:22\n_importChanges@resource://services-settings/RemoteSettingsClient.sys.mjs:1189:18\nmaybeSync@resource://services-settings/RemoteSettingsClient.sys.mjs:814:35\n","nativeSavedFrame":{}},"formattedStack":"fetch@resource://services-settings/Utils.sys.mjs:224:12\ntimedFetch/<@resource://services-common/kinto-http-client.sys.mjs:580:12\ntimedFetch@resource://services-common/kinto-http-client.sys.mjs:555:12\nrequest@resource://services-common/kinto-http-client.sys.mjs:645:33\nexecute@resource://services-common/kinto-http-client.sys.mjs:2613:36\n_fetchChangeset@resource://services-settings/RemoteSettingsClient.sys.mjs:1332:22\n_importChanges@resource://services-settings/RemoteSettingsClient.sys.mjs:1189:18\nmaybeSync@resource://services-settings/RemoteSettingsClient.sys.mjs:814:35\n","nativeSavedFrame":{}},"formattedStack":"fetch/<@resource://services-settings/Utils.sys.mjs:273:15\nfetch@resource://services-settings/Utils.sys.mjs:224:12\ntimedFetch/<@resource://services-common/kinto-http-client.sys.mjs:580:12\ntimedFetch@resource://services-common/kinto-http-client.sys.mjs:555:12\nrequest@resource://services-common/kinto-http-client.sys.mjs:645:33\nexecute@resource://services-common/kinto-http-client.sys.mjs:2613:36\n_fetchChangeset@resource://services-settings/RemoteSettingsClient.sys.mjs:1332:22\n_importChanges@resource://services-settings/RemoteSettingsClient.sys.mjs:1189:18\nmaybeSync@resource://services-settings/RemoteSettingsClient.sys.mjs:814:35\n","nativeSavedFrame":{}},"formattedStack":"open@resource://gre/modules/ServiceRequest.sys.mjs:126:11\nfetch/<@resource://services-settings/Utils.sys.mjs:273:15\nfetch@resource://services-settings/Utils.sys.mjs:224:12\ntimedFetch/<@resource://services-common/kinto-http-client.sys.mjs:580:12\ntimedFetch@resource://services-common/kinto-http-client.sys.mjs:555:12\nrequest@resource://services-common/kinto-http-client.sys.mjs:645:33\nexecute@resource://services-common/kinto-http-client.sys.mjs:2613:36\n_fetchChangeset@resource://services-settings/RemoteSettingsClient.sys.mjs:1332:22\n_importChanges@resource://services-settings/RemoteSettingsClient.sys.mjs:1189:18\nmaybeSync@resource://services-settings/RemoteSettingsClient.sys.mjs:814:35\n","nativeSavedFrame":{}}
2026-06-09 03:45:14,663 - MainProcess[log-interceptor-3507441808]- selenium_firefox     - DEBUG   : BROWSER 3507441808: driver: - message =
2026-06-09 03:45:14,664 - MainProcess[log-interceptor-3507441808]- selenium_firefox     - DEBUG   : BROWSER 3507441808: driver: - name =
2026-06-09 03:45:14,664 - MainProcess[log-interceptor-3507441808]- selenium_firefox     - DEBUG   : BROWSER 3507441808: driver: - result = 2152071198
2026-06-09 03:45:14,664 - MainProcess[log-interceptor-3507441808]- selenium_firefox     - DEBUG   : BROWSER 3507441808: driver: - stack = open@resource://gre/modules/ServiceRequest.sys.mjs:126:11|fetch/<@resource://services-settings/Utils.sys.mjs:273:15|fetch@resource://services-settings/Utils.sys.mjs:224:12|timedFetch/<@resource://services-common/kinto-http-client.sys.mjs:580:12|timedFetch@resource://services-common/kinto-http-client.sys.mjs:555:12|request@resource://services-common/kinto-http-client.sys.mjs:645:33|execute@resource://services-common/kinto-http-client.sys.mjs:2613:36|_fetchChangeset@resource://services-settings/RemoteSettingsClient.sys.mjs:1332:22|_importChanges@resource://services-settings/RemoteSettingsClient.sys.mjs:1189:18|maybeSync@resource://services-settings/RemoteSettingsClient.sys.mjs:814:35|
2026-06-09 03:45:14,665 - MainProcess[log-interceptor-3507441808]- selenium_firefox     - DEBUG   : BROWSER 3507441808: driver: - prototype Object
2026-06-09 03:45:14,665 - MainProcess[log-interceptor-3507441808]- selenium_firefox     - DEBUG   : BROWSER 3507441808: driver: console.warn: services.settings: main/search-config-v2 sync interrupted by shutdown
2026-06-09 03:45:14,665 - MainProcess[log-interceptor-3507441808]- selenium_firefox     - DEBUG   : BROWSER 3507441808: driver: console.warn: TopSitesFeed: Failed to fetch data from MARS server: NetworkError when attempting to fetch resource.
2026-06-09 03:45:14,681 - MainProcess[log-interceptor-3507441808]- selenium_firefox     - DEBUG   : BROWSER 3507441808: driver: console.warn: services.settings: main/search-config-icons sync interrupted by shutdown
2026-06-09 03:45:14,684 - MainProcess[log-interceptor-3507441808]- selenium_firefox     - DEBUG   : BROWSER 3507441808: driver: console.warn: services.settings: main/moz-essential-domain-fallbacks sync interrupted by shutdown
2026-06-09 03:45:14,686 - MainProcess[log-interceptor-3507441808]- selenium_firefox     - DEBUG   : BROWSER 3507441808: driver: console.warn: services.settings: main/search-default-override-allowlist sync interrupted by shutdown
2026-06-09 03:45:14,686 - MainProcess[log-interceptor-3507441808]- selenium_firefox     - DEBUG   : BROWSER 3507441808: driver: console.warn: services.settings: main/addons-data-leak-blocker-domains sync interrupted by shutdown
2026-06-09 03:45:14,687 - MainProcess[log-interceptor-3507441808]- selenium_firefox     - DEBUG   : BROWSER 3507441808: driver: console.warn: services.settings: main/urlbar-persisted-search-terms sync interrupted by shutdown
2026-06-09 03:45:14,688 - MainProcess[log-interceptor-3507441808]- selenium_firefox     - DEBUG   : BROWSER 3507441808: driver: console.warn: services.settings: main/fingerprinting-protection-overrides sync interrupted by shutdown
2026-06-09 03:45:14,688 - MainProcess[log-interceptor-3507441808]- selenium_firefox     - DEBUG   : BROWSER 3507441808: driver: console.warn: services.settings: main/devtools-devices sync interrupted by shutdown
2026-06-09 03:45:14,689 - MainProcess[log-interceptor-3507441808]- selenium_firefox     - DEBUG   : BROWSER 3507441808: driver: console.warn: services.settings: main/remote-permissions sync interrupted by shutdown
2026-06-09 03:45:14,690 - MainProcess[log-interceptor-3507441808]- selenium_firefox     - DEBUG   : BROWSER 3507441808: driver: console.warn: services.settings: main/doh-providers sync interrupted by shutdown
2026-06-09 03:45:14,691 - MainProcess[log-interceptor-3507441808]- selenium_firefox     - DEBUG   : BROWSER 3507441808: driver: console.warn: services.settings: main/newtab-frecency-boosted-sponsors sync interrupted by shutdown
2026-06-09 03:45:14,692 - MainProcess[log-interceptor-3507441808]- selenium_firefox     - DEBUG   : BROWSER 3507441808: driver: console.warn: services.settings: main/websites-with-shared-credential-backends sync interrupted by shutdown
2026-06-09 03:45:14,693 - MainProcess[log-interceptor-3507441808]- selenium_firefox     - DEBUG   : BROWSER 3507441808: driver: console.warn: services.settings: main/password-rules sync interrupted by shutdown
2026-06-09 03:45:14,694 - MainProcess[log-interceptor-3507441808]- selenium_firefox     - DEBUG   : BROWSER 3507441808: driver: console.error: WebExtensions:
2026-06-09 03:45:14,694 - MainProcess[MainThread]- storage_controller   - INFO    : Terminating handler for Browser-3507441808, because the underlying socket closed
2026-06-09 03:45:14,694 - MainProcess[log-interceptor-3507441808]- selenium_firefox     - DEBUG   : BROWSER 3507441808: driver: Message: [Exception... "Component returned failure code: 0x804b0010 (NS_ERROR_OFFLINE) [nsIInputStream.available]"  nsresult: "0x804b0010 (NS_ERROR_OFFLINE)"  location: "JS frame :: jar:file:///tmp/addon-5bc5367e-55f1-4a16-9619-d6a5a7147f67.xpi!/privileged/sockets/api.js :: onInputStreamReady :: line 49"  data: no]
2026-06-09 03:45:14,695 - MainProcess[log-interceptor-3507441808]- selenium_firefox     - DEBUG   : BROWSER 3507441808: driver: Stack:
2026-06-09 03:45:14,695 - MainProcess[log-interceptor-3507441808]- selenium_firefox     - DEBUG   : BROWSER 3507441808: driver: onInputStreamReady@jar:file:///tmp/addon-5bc5367e-55f1-4a16-9619-d6a5a7147f67.xpi!/privileged/sockets/api.js:49:33
2026-06-09 03:45:14,695 - MainProcess[log-interceptor-3507441808]- selenium_firefox     - DEBUG   : BROWSER 3507441808: driver: 
2026-06-09 03:45:14,695 - MainProcess[log-interceptor-3507441808]- selenium_firefox     - DEBUG   : BROWSER 3507441808: driver: console.warn: services.settings: main/top-sites sync interrupted by shutdown
2026-06-09 03:45:14,696 - MainProcess[log-interceptor-3507441808]- selenium_firefox     - DEBUG   : BROWSER 3507441808: driver: !!! error running onStopped callback: TypeError: callback is not a function
2026-06-09 03:45:17,597 - MainProcess[MainThread]- storage_controller   - DEBUG   : StorageController status: There are currently 0 scheduled tasks for 0 visit_ids
2026-06-09 03:45:20,341 - MainProcess[log-interceptor-3507441808]- selenium_firefox     - DEBUG   : BROWSER 3507441808: driver: console.warn: services.settings: main/webcompat-interventions sync interrupted by shutdown
2026-06-09 03:45:20,350 - MainProcess[log-interceptor-3507441808]- selenium_firefox     - DEBUG   : BROWSER 3507441808: driver: console.warn: services.settings: main/doh-config sync interrupted by shutdown
2026-06-09 03:45:20,351 - MainProcess[log-interceptor-3507441808]- selenium_firefox     - DEBUG   : BROWSER 3507441808: driver: console.warn: services.settings: main/translations-wasm sync interrupted by shutdown
2026-06-09 03:45:20,352 - MainProcess[log-interceptor-3507441808]- selenium_firefox     - DEBUG   : BROWSER 3507441808: driver: console.warn: services.settings: main/partitioning-exempt-urls sync interrupted by shutdown
2026-06-09 03:45:20,358 - MainProcess[log-interceptor-3507441808]- selenium_firefox     - DEBUG   : BROWSER 3507441808: driver: console.warn: services.settings: main/url-parser-default-unknown-schemes-interventions sync interrupted by shutdown
2026-06-09 03:45:20,360 - MainProcess[log-interceptor-3507441808]- selenium_firefox     - DEBUG   : BROWSER 3507441808: driver: console.warn: services.settings: main/url-classifier-skip-urls sync interrupted by shutdown
2026-06-09 03:45:20,360 - MainProcess[log-interceptor-3507441808]- selenium_firefox     - DEBUG   : BROWSER 3507441808: driver: console.warn: services.settings: main/normandy-recipes-capabilities sync interrupted by shutdown
2026-06-09 03:45:20,361 - MainProcess[log-interceptor-3507441808]- selenium_firefox     - DEBUG   : BROWSER 3507441808: driver: console.warn: services.settings: main/ms-language-packs sync interrupted by shutdown
2026-06-09 03:45:20,361 - MainProcess[log-interceptor-3507441808]- selenium_firefox     - DEBUG   : BROWSER 3507441808: driver: console.warn: services.settings: main/search-categorization sync interrupted by shutdown
2026-06-09 03:45:20,364 - MainProcess[log-interceptor-3507441808]- selenium_firefox     - DEBUG   : BROWSER 3507441808: driver: console.warn: services.settings: main/third-party-cookie-blocking-exempt-urls sync interrupted by shutdown
2026-06-09 03:45:20,365 - MainProcess[log-interceptor-3507441808]- selenium_firefox     - DEBUG   : BROWSER 3507441808: driver: console.warn: services.settings: main/cookie-banner-rules-list sync interrupted by shutdown
2026-06-09 03:45:20,384 - MainProcess[log-interceptor-3507441808]- selenium_firefox     - DEBUG   : BROWSER 3507441808: driver: console.warn: services.settings: main/search-config-overrides-v2 sync interrupted by shutdown
2026-06-09 03:45:20,386 - MainProcess[log-interceptor-3507441808]- selenium_firefox     - DEBUG   : BROWSER 3507441808: driver: console.warn: services.settings: main/query-stripping sync interrupted by shutdown
2026-06-09 03:45:20,386 - MainProcess[log-interceptor-3507441808]- selenium_firefox     - DEBUG   : BROWSER 3507441808: driver: console.warn: services.settings: main/addons-manager-settings sync interrupted by shutdown
2026-06-09 03:45:20,388 - MainProcess[log-interceptor-3507441808]- selenium_firefox     - DEBUG   : BROWSER 3507441808: driver: console.warn: services.settings: main/password-recipes sync interrupted by shutdown
2026-06-09 03:45:20,389 - MainProcess[log-interceptor-3507441808]- selenium_firefox     - DEBUG   : BROWSER 3507441808: driver: console.warn: services.settings: main/language-dictionaries sync interrupted by shutdown
2026-06-09 03:45:20,396 - MainProcess[log-interceptor-3507441808]- selenium_firefox     - DEBUG   : BROWSER 3507441808: driver: console.warn: services.settings: main/hijack-blocklists sync interrupted by shutdown
2026-06-09 03:45:20,401 - MainProcess[log-interceptor-3507441808]- selenium_firefox     - DEBUG   : BROWSER 3507441808: driver: console.warn: services.settings: main/anti-tracking-url-decoration sync interrupted by shutdown
2026-06-09 03:45:20,402 - MainProcess[log-interceptor-3507441808]- selenium_firefox     - DEBUG   : BROWSER 3507441808: driver: console.warn: services.settings: main/sites-classification sync interrupted by shutdown
2026-06-09 03:45:20,404 - MainProcess[log-interceptor-3507441808]- selenium_firefox     - DEBUG   : BROWSER 3507441808: driver: console.error: ({details:{id:"4dd906e9-fe4e-fd64-8138-a2c7260b2199", last_modified:1778256657501, bucket:"security-state", collection:"onecrl", host:"firefox.settings.services.mozilla.com"}})
2026-06-09 03:45:22,599 - MainProcess[MainThread]- storage_controller   - DEBUG   : StorageController status: There are currently 0 scheduled tasks for 0 visit_ids
2026-06-09 03:45:23,615 - MainProcess[MainThread]- browser_manager      - DEBUG   : BROWSER 3507441808: Browser manager closed successfully.
2026-06-09 03:45:23,616 - MainProcess[MainThread]- browser_manager      - DEBUG   : BROWSER 3507441808: during_init=False | profile_archive_dir=None
2026-06-09 03:45:23,670 - MainProcess[MainThread]- storage_controller   - DEBUG   : Sending the shutdown signal to the Storage Controller...
2026-06-09 03:45:23,670 - MainProcess[MainThread]- storage_controller   - INFO    : Terminating handler for TaskManager, because the underlying socket closed
2026-06-09 03:45:27,598 - MainProcess[MainThread]- storage_controller   - INFO    : Received shutdown signal!
2026-06-09 03:45:27,598 - MainProcess[MainThread]- storage_controller   - INFO    : Closing Server
2026-06-09 03:45:27,599 - MainProcess[MainThread]- storage_controller   - INFO    : Closed Server
2026-06-09 03:45:27,600 - MainProcess[MainThread]- storage_controller   - INFO    : Cancelling status_queue_update
2026-06-09 03:45:27,600 - MainProcess[MainThread]- storage_controller   - INFO    : Cancelled status_queue_update
2026-06-09 03:45:27,601 - MainProcess[MainThread]- storage_controller   - INFO    : Cancelling timeout_check
2026-06-09 03:45:27,601 - MainProcess[MainThread]- storage_controller   - INFO    : Cancelled timeout_check
2026-06-09 03:45:27,602 - MainProcess[MainThread]- storage_controller   - INFO    : Starting wait_closed
2026-06-09 03:45:27,602 - MainProcess[MainThread]- storage_controller   - INFO    : Completed wait_closed
2026-06-09 03:45:27,603 - MainProcess[MainThread]- storage_controller   - INFO    : Entering self.shutdown
2026-06-09 03:45:27,604 - MainProcess[MainThread]- storage_controller   - INFO    : structured_storage is shut down
2026-06-09 03:45:27,626 - MainProcess[MainThread]- storage_controller   - DEBUG   : StorageControllerHandle took 3.95512056350708 seconds to close.
