2026-06-09 04:08:15,029 - MainProcess[MainThread]- browser_manager      - INFO    : BROWSER 2171588213: Launching browser...
2026-06-09 04:08:15,033 - MainProcess[MainThread]- storage_controller   - INFO    : Initializing new handler for TaskManager
2026-06-09 04:08:15,030 - MainProcess[MainThread]- browser_manager      - DEBUG   : BROWSER 2171588213: Spawn attempt 0 
2026-06-09 04:08:15,065 - MainProcess[MainThread]- deploy_firefox       - DEBUG   : BROWSER 2171588213: Saved extension config file to: /tmp/firefox_profile_eugyuip2/browser_params.json
2026-06-09 04:08:15,076 - MainProcess[log-interceptor-2171588213]- selenium_firefox     - DEBUG   : BROWSER 2171588213: driver: 1780970895076	geckodriver	INFO	Listening on 127.0.0.1:56247
2026-06-09 04:08:15,117 - MainProcess[log-interceptor-2171588213]- selenium_firefox     - DEBUG   : BROWSER 2171588213: driver: 1780970895117	mozrunner::runner	INFO	Running command: MOZ_CRASHREPORTER="1" MOZ_CRASHREPORTER_NO_REPORT="1" MOZ_CRASHREPORTER_SHUTDOWN="1" "/home/pedro/Escritorio ...  "--headless" "--width=1366" "--height=768" "--remote-debugging-port" "46915" "--remote-allow-hosts" "localhost" "-no-remote"
2026-06-09 04:08:15,170 - MainProcess[log-interceptor-2171588213]- selenium_firefox     - DEBUG   : BROWSER 2171588213: driver: *** You are running in headless mode.
2026-06-09 04:08:15,353 - MainProcess[log-interceptor-2171588213]- selenium_firefox     - DEBUG   : BROWSER 2171588213: driver: console.warn: services.settings: Ignoring preference override of remote settings server
2026-06-09 04:08:15,354 - MainProcess[log-interceptor-2171588213]- selenium_firefox     - DEBUG   : BROWSER 2171588213: driver: console.warn: services.settings: Allow by setting MOZ_REMOTE_SETTINGS_DEVTOOLS=1 in the environment
2026-06-09 04:08:16,060 - MainProcess[log-interceptor-2171588213]- selenium_firefox     - DEBUG   : BROWSER 2171588213: driver: 1780970896059	Marionette	INFO	Marionette enabled
2026-06-09 04:08:16,317 - MainProcess[log-interceptor-2171588213]- selenium_firefox     - DEBUG   : BROWSER 2171588213: driver: console.error: "Warning: unrecognized command line flag" "-width"
2026-06-09 04:08:16,320 - MainProcess[log-interceptor-2171588213]- selenium_firefox     - DEBUG   : BROWSER 2171588213: driver: console.error: "Warning: unrecognized command line flag" "-height"
2026-06-09 04:08:16,363 - MainProcess[log-interceptor-2171588213]- selenium_firefox     - DEBUG   : BROWSER 2171588213: driver: 1780970896363	Marionette	INFO	Listening on port 28615
2026-06-09 04:08:16,401 - MainProcess[log-interceptor-2171588213]- selenium_firefox     - DEBUG   : BROWSER 2171588213: driver: WebDriver BiDi listening on ws://127.0.0.1:46915
2026-06-09 04:08:16,431 - MainProcess[log-interceptor-2171588213]- selenium_firefox     - DEBUG   : BROWSER 2171588213: driver: Read port: 28615
2026-06-09 04:08:16,640 - MainProcess[log-interceptor-2171588213]- selenium_firefox     - DEBUG   : BROWSER 2171588213: driver: 1780970896640	RemoteAgent	WARN	TLS certificate errors will be ignored for this session
2026-06-09 04:08:20,028 - MainProcess[MainThread]- storage_controller   - DEBUG   : StorageController status: There are currently 0 scheduled tasks for 0 visit_ids
2026-06-09 04:08:20,533 - MainProcess[MainThread]- deploy_firefox       - DEBUG   : BROWSER 2171588213: OpenWPM Firefox extension loaded
2026-06-09 04:08:20,540 - MainProcess[MainThread]- browser_manager      - DEBUG   : BROWSER 2171588213: Looking for extension port information in /tmp/firefox_profile_eugyuip2
2026-06-09 04:08:20,545 - MainProcess[MainThread]- storage_controller   - INFO    : Initializing new handler for Browser-2171588213
2026-06-09 04:08:20,550 - MainProcess[Thread-1 (_start_listener)]- FirefoxExtension     - DEBUG   : Navigation instrumentation enabled
2026-06-09 04:08:20,552 - MainProcess[log-interceptor-2171588213]- selenium_firefox     - DEBUG   : BROWSER 2171588213: driver: console.log: WebExtensions: Wrote to /tmp/firefox_profile_eugyuip2/extension_port.txt
2026-06-09 04:08:20,555 - MainProcess[Thread-1 (_start_listener)]- FirefoxExtension     - DEBUG   : Cookie instrumentation enabled
2026-06-09 04:08:20,559 - MainProcess[Thread-1 (_start_listener)]- FirefoxExtension     - DEBUG   : Javascript instrumentation enabled
2026-06-09 04:08:20,630 - MainProcess[Thread-1 (_start_listener)]- FirefoxExtension     - DEBUG   : HTTP Instrumentation enabled
2026-06-09 04:08:20,639 - MainProcess[Thread-1 (_start_listener)]- FirefoxExtension     - DEBUG   : DNS instrumentation enabled
2026-06-09 04:08:20,642 - MainProcess[log-interceptor-2171588213]- selenium_firefox     - DEBUG   : BROWSER 2171588213: driver: console.log: WebExtensions: Wrote to /tmp/firefox_profile_eugyuip2/OPENWPM_STARTUP_SUCCESS.txt
2026-06-09 04:08:20,643 - MainProcess[MainThread]- browser_manager      - DEBUG   : BROWSER 2171588213: Connecting to extension on port 23139
2026-06-09 04:08:20,644 - MainProcess[MainThread]- browser_manager      - DEBUG   : BROWSER 2171588213: BrowserManager ready.
2026-06-09 04:08:20,649 - MainProcess[MainThread]- browser_manager      - DEBUG   : BROWSER 2171588213: Browser spawn successful!
2026-06-09 04:08:20,741 - MainProcess[MainThread]- storage_controller   - INFO    : Initializing new handler for StorageControllerHandle
2026-06-09 04:08:20,743 - MainProcess[MainThread]- storage_controller   - INFO    : Awaiting all tasks for visit_id -1
2026-06-09 04:08:20,744 - MainProcess[MainThread]- storage_controller   - DEBUG   : Awaited all tasks for visit_id -1 while finalizing
2026-06-09 04:08:20,747 - MainProcess[MainThread]- task_manager         - INFO    : 

OpenWPM Version: b'v0.32.0'
Firefox Version: b'148.0'

========== Manager Configuration ==========
{
  "_failure_limit": null,
  "data_directory": "/home/pedro/Escritorio/UNI/CUARTO/tfg/Herramienta_Priv/output/abc.es_20260609_040811/openwpm",
  "log_path": "/home/pedro/Escritorio/UNI/CUARTO/tfg/Herramienta_Priv/output/abc.es_20260609_040811/openwpm/openwpm.log",
  "logger_address": [
    "127.0.0.1",
    62591
  ],
  "memory_watchdog": false,
  "num_browsers": 1,
  "process_watchdog": false,
  "screenshot_path": "/home/pedro/Escritorio/UNI/CUARTO/tfg/Herramienta_Priv/output/abc.es_20260609_040811/openwpm/screenshots",
  "source_dump_path": "/home/pedro/Escritorio/UNI/CUARTO/tfg/Herramienta_Priv/output/abc.es_20260609_040811/openwpm/sources",
  "storage_controller_address": [
    "127.0.0.1",
    31977
  ],
  "testing": false
}

========== Browser Configuration ==========
Keys:
{
  "browser_id": 0,
  "bot_mitigation": 1,
  "browser": 2,
  "callstack_instrument": 3,
  "cookie_instrument": 4,
  "custom_params": 5,
  "display_mode": 6,
  "dns_instrument": 7,
  "donottrack": 8,
  "http_instrument": 9,
  "js_instrument": 10,
  "js_instrument_settings": 11,
  "maximum_profile_size": 12,
  "navigation_instrument": 13,
  "prefs": 14,
  "profile_path": 15,
  "recovery_tar": 16,
  "save_content": 17,
  "tmp_profile_dir": 18,
  "tp_cookies": 19,
  "tracking_protection": 20
}

         0  1      2        3      4     5    6         7     8      9     10    11                             12    13    14    15    16    17     18    19      20
----------  -----  -------  -----  ----  ---  --------  ----  -----  ----  ----  -----------------------------  ----  ----  ----  ----  ----  -----  ----  ------  -----
2171588213  False  firefox  False  True  {}   headless  True  False  True  True  ['collection_fingerprinting']        True  {}                False  /tmp  always  False

========== JS Instrument Settings ==========
{"2171588213":[{"object":"window['ScriptProcessorNode'].prototype","instrumentedName":"ScriptProcessorNode","logSettings":{"propertiesToInstrument":[],"nonExistingPropertiesToInstrument":[],"excludedProperties":[],"logCallStack":false,"logFunctionsAsStrings":false,"logFunctionGets":false,"preventSets":false,"recursive":false,"depth":5}},{"object":"window['GainNode'].prototype","instrumentedName":"GainNode","logSettings":{"propertiesToInstrument":[],"nonExistingPropertiesToInstrument":[],"excludedProperties":[],"logCallStack":false,"logFunctionsAsStrings":false,"logFunctionGets":false,"preventSets":false,"recursive":false,"depth":5}},{"object":"window['AnalyserNode'].prototype","instrumentedName":"AnalyserNode","logSettings":{"propertiesToInstrument":[],"nonExistingPropertiesToInstrument":[],"excludedProperties":[],"logCallStack":false,"logFunctionsAsStrings":false,"logFunctionGets":false,"preventSets":false,"recursive":false,"depth":5}},{"object":"window['OscillatorNode'].prototype","instrumentedName":"OscillatorNode","logSettings":{"propertiesToInstrument":[],"nonExistingPropertiesToInstrument":[],"excludedProperties":[],"logCallStack":false,"logFunctionsAsStrings":false,"logFunctionGets":false,"preventSets":false,"recursive":false,"depth":5}},{"object":"window['OfflineAudioContext'].prototype","instrumentedName":"OfflineAudioContext","logSettings":{"propertiesToInstrument":[],"nonExistingPropertiesToInstrument":[],"excludedProperties":[],"logCallStack":false,"logFunctionsAsStrings":false,"logFunctionGets":false,"preventSets":false,"recursive":false,"depth":5}},{"object":"window['AudioContext'].prototype","instrumentedName":"AudioContext","logSettings":{"propertiesToInstrument":[],"nonExistingPropertiesToInstrument":[],"excludedProperties":[],"logCallStack":false,"logFunctionsAsStrings":false,"logFunctionGets":false,"preventSets":false,"recursive":false,"depth":5}},{"object":"window['RTCPeerConnection'].prototype","instrumentedName":"RTCPeerConnection","logSettings":{"propertiesToInstrument":[],"nonExistingPropertiesToInstrument":[],"excludedProperties":[],"logCallStack":false,"logFunctionsAsStrings":false,"logFunctionGets":false,"preventSets":false,"recursive":false,"depth":5}},{"object":"window['HTMLCanvasElement'].prototype","instrumentedName":"HTMLCanvasElement","logSettings":{"propertiesToInstrument":[],"nonExistingPropertiesToInstrument":[],"excludedProperties":[],"logCallStack":false,"logFunctionsAsStrings":false,"logFunctionGets":false,"preventSets":false,"recursive":false,"depth":5}},{"object":"window['Storage'].prototype","instrumentedName":"Storage","logSettings":{"propertiesToInstrument":[],"nonExistingPropertiesToInstrument":[],"excludedProperties":[],"logCallStack":false,"logFunctionsAsStrings":false,"logFunctionGets":false,"preventSets":false,"recursive":false,"depth":5}},{"object":"window.navigator","instrumentedName":"window.navigator","logSettings":{"propertiesToInstrument":[],"nonExistingPropertiesToInstrument":[],"excludedProperties":[],"logCallStack":false,"logFunctionsAsStrings":false,"logFunctionGets":false,"preventSets":false,"recursive":false,"depth":5}},{"object":"window['CanvasRenderingContext2D'].prototype","instrumentedName":"CanvasRenderingContext2D","logSettings":{"propertiesToInstrument":[],"nonExistingPropertiesToInstrument":[],"excludedProperties":["setTransform","closePath","beginPath","globalAlpha","transform","drawImage","canvas","translate","lineTo","quadraticCurveTo","moveTo","clearRect"],"logCallStack":false,"logFunctionsAsStrings":false,"logFunctionGets":false,"preventSets":false,"recursive":false,"depth":5}},{"object":"window","instrumentedName":"window","logSettings":{"propertiesToInstrument":["sessionStorage","localStorage","name"],"nonExistingPropertiesToInstrument":[],"excludedProperties":[],"logCallStack":false,"logFunctionsAsStrings":false,"logFunctionGets":false,"preventSets":false,"recursive":false,"depth":5}},{"object":"window.document","instrumentedName":"window.document","logSettings":{"propertiesToInstrument":["cookie","referrer"],"nonExistingPropertiesToInstrument":[],"excludedProperties":[],"logCallStack":true,"logFunctionsAsStrings":false,"logFunctionGets":false,"preventSets":false,"recursive":false,"depth":5}},{"object":"window.screen","instrumentedName":"window.screen","logSettings":{"propertiesToInstrument":["colorDepth","pixelDepth"],"nonExistingPropertiesToInstrument":[],"excludedProperties":[],"logCallStack":false,"logFunctionsAsStrings":false,"logFunctionGets":false,"preventSets":false,"recursive":false,"depth":5}}]}

========== Input profile tar files ==========
  No profile tar files specified

========== Output (archive) profile dirs ==========
  No profile archive directories specified


2026-06-09 04:08:20,749 - MainProcess[MainThread]- task_manager         - DEBUG   : Checking command failure status indicator...
2026-06-09 04:08:20,752 - MainProcess[BrowserManagerHandle-2171588213]- browser_manager      - INFO    : Starting to work on CommandSequence with visit_id 4334186779934713 on browser with id 2171588213
2026-06-09 04:08:20,756 - MainProcess[MainThread]- browser_manager      - INFO    : BROWSER 2171588213: EXECUTING COMMAND: InitializeCommand()
2026-06-09 04:08:20,758 - MainProcess[MainThread]- browser_manager      - INFO    : BROWSER 2171588213: EXECUTING COMMAND: GetCommand(https://www.abc.es,15)
2026-06-09 04:08:20,762 - MainProcess[MainThread]- storage_controller   - INFO    : Terminating handler for StorageControllerHandle, because the underlying socket closed
2026-06-09 04:08:20,802 - MainProcess[Thread-1 (_start_listener)]- FirefoxExtension     - DEBUG   : Setting visit_id the legacy way
2026-06-09 04:08:25,034 - MainProcess[MainThread]- storage_controller   - DEBUG   : StorageController status: There are currently 0 scheduled tasks for 1 visit_ids
2026-06-09 04:08:30,035 - MainProcess[MainThread]- storage_controller   - DEBUG   : StorageController status: There are currently 0 scheduled tasks for 1 visit_ids
2026-06-09 04:08:35,046 - MainProcess[MainThread]- storage_controller   - DEBUG   : StorageController status: There are currently 0 scheduled tasks for 1 visit_ids
2026-06-09 04:08:40,049 - MainProcess[MainThread]- storage_controller   - DEBUG   : StorageController status: There are currently 0 scheduled tasks for 1 visit_ids
2026-06-09 04:08:44,050 - MainProcess[MainThread]- browser_manager      - INFO    : BROWSER 2171588213: EXECUTING COMMAND: FinalizeCommand(5)
2026-06-09 04:08:44,172 - MainProcess[log-interceptor-2171588213]- selenium_firefox     - DEBUG   : BROWSER 2171588213: driver: JavaScript warning: https://www.abc.es/, line 6: Script terminated by timeout at:
2026-06-09 04:08:44,172 - MainProcess[log-interceptor-2171588213]- selenium_firefox     - DEBUG   : BROWSER 2171588213: driver: nrWrapper@https://www.abc.es/:6:8739
2026-06-09 04:08:44,173 - MainProcess[log-interceptor-2171588213]- selenium_firefox     - DEBUG   : BROWSER 2171588213: driver: 
2026-06-09 04:08:44,218 - MainProcess[log-interceptor-2171588213]- selenium_firefox     - DEBUG   : BROWSER 2171588213: driver: JavaScript error: undefined, line 0: Error: Invalid tab ID: 1
2026-06-09 04:08:44,218 - MainProcess[log-interceptor-2171588213]- selenium_firefox     - DEBUG   : BROWSER 2171588213: driver: JavaScript error: undefined, line 0: Error: Invalid tab ID: 1
2026-06-09 04:08:44,218 - MainProcess[log-interceptor-2171588213]- selenium_firefox     - DEBUG   : BROWSER 2171588213: driver: JavaScript error: undefined, line 0: Error: Invalid tab ID: 1
2026-06-09 04:08:44,219 - MainProcess[log-interceptor-2171588213]- selenium_firefox     - DEBUG   : BROWSER 2171588213: driver: JavaScript error: undefined, line 0: Error: Invalid tab ID: 1
2026-06-09 04:08:44,219 - MainProcess[log-interceptor-2171588213]- selenium_firefox     - DEBUG   : BROWSER 2171588213: driver: JavaScript error: undefined, line 0: Error: Invalid tab ID: 1
2026-06-09 04:08:44,362 - MainProcess[log-interceptor-2171588213]- selenium_firefox     - DEBUG   : BROWSER 2171588213: driver: JavaScript error: undefined, line 0: Error: Invalid tab ID: 1
2026-06-09 04:08:45,051 - MainProcess[MainThread]- storage_controller   - DEBUG   : StorageController status: There are currently 0 scheduled tasks for 1 visit_ids
2026-06-09 04:08:49,214 - MainProcess[BrowserManagerHandle-2171588213]- browser_manager      - INFO    : Finished working on CommandSequence with visit_id 4334186779934713 on browser with id 2171588213
2026-06-09 04:08:49,215 - MainProcess[MainThread]- storage_controller   - INFO    : Awaiting all tasks for visit_id 4334186779934713
2026-06-09 04:08:49,216 - MainProcess[MainThread]- storage_controller   - DEBUG   : Awaited all tasks for visit_id 4334186779934713 while finalizing
2026-06-09 04:08:50,052 - MainProcess[MainThread]- storage_controller   - DEBUG   : StorageController status: There are currently 0 scheduled tasks for 0 visit_ids
2026-06-09 04:08:51,215 - MainProcess[MainThread]- browser_manager      - DEBUG   : BROWSER 2171588213: Closing browser manager...
2026-06-09 04:08:51,215 - MainProcess[MainThread]- browser_manager      - DEBUG   : BROWSER 2171588213: Closing browser...
2026-06-09 04:08:51,215 - MainProcess[MainThread]- browser_manager      - DEBUG   : BROWSER 2171588213: Joining command thread
2026-06-09 04:08:51,216 - MainProcess[MainThread]- browser_manager      - DEBUG   : BROWSER 2171588213: 0.000025 seconds to join command thread
2026-06-09 04:08:51,221 - MainProcess[log-interceptor-2171588213]- selenium_firefox     - DEBUG   : BROWSER 2171588213: driver: 1780970931221	Marionette	INFO	Stopped listening on port 28615
2026-06-09 04:08:51,884 - MainProcess[log-interceptor-2171588213]- selenium_firefox     - DEBUG   : BROWSER 2171588213: driver: console.warn: TopSitesFeed: Failed to fetch data from MARS server: NetworkError when attempting to fetch resource.
2026-06-09 04:08:52,246 - MainProcess[MainThread]- storage_controller   - INFO    : Terminating handler for Browser-2171588213, because the underlying socket closed
2026-06-09 04:08:52,538 - MainProcess[log-interceptor-2171588213]- selenium_firefox     - DEBUG   : BROWSER 2171588213: driver: console.error: WebExtensions:
2026-06-09 04:08:52,539 - MainProcess[log-interceptor-2171588213]- selenium_firefox     - DEBUG   : BROWSER 2171588213: driver: Message: [Exception... "Component returned failure code: 0x804b0010 (NS_ERROR_OFFLINE) [nsIInputStream.available]"  nsresult: "0x804b0010 (NS_ERROR_OFFLINE)"  location: "JS frame :: jar:file:///tmp/addon-1398004d-0e18-4829-9657-c6afb8fcbd08.xpi!/privileged/sockets/api.js :: onInputStreamReady :: line 49"  data: no]
2026-06-09 04:08:52,539 - MainProcess[log-interceptor-2171588213]- selenium_firefox     - DEBUG   : BROWSER 2171588213: driver: Stack:
2026-06-09 04:08:52,540 - MainProcess[log-interceptor-2171588213]- selenium_firefox     - DEBUG   : BROWSER 2171588213: driver: onInputStreamReady@jar:file:///tmp/addon-1398004d-0e18-4829-9657-c6afb8fcbd08.xpi!/privileged/sockets/api.js:49:33
2026-06-09 04:08:52,541 - MainProcess[log-interceptor-2171588213]- selenium_firefox     - DEBUG   : BROWSER 2171588213: driver: 
2026-06-09 04:08:55,056 - MainProcess[MainThread]- storage_controller   - DEBUG   : StorageController status: There are currently 0 scheduled tasks for 0 visit_ids
2026-06-09 04:08:56,590 - MainProcess[log-interceptor-2171588213]- selenium_firefox     - DEBUG   : BROWSER 2171588213: driver: console.error: "Could not download new icon" [Exception... "<no message>"  nsresult: "0x8046001e (<unknown>)"  location: "JS frame :: resource://gre/modules/ServiceRequest.sys.mjs :: open :: line 126"  data: no]
2026-06-09 04:08:56,591 - MainProcess[log-interceptor-2171588213]- selenium_firefox     - DEBUG   : BROWSER 2171588213: driver: console.error: "Could not download new icon" [Exception... "<no message>"  nsresult: "0x8046001e (<unknown>)"  location: "JS frame :: resource://gre/modules/ServiceRequest.sys.mjs :: open :: line 126"  data: no]
2026-06-09 04:08:56,592 - MainProcess[log-interceptor-2171588213]- selenium_firefox     - DEBUG   : BROWSER 2171588213: driver: console.error: "Could not download new icon" [Exception... "<no message>"  nsresult: "0x8046001e (<unknown>)"  location: "JS frame :: resource://gre/modules/ServiceRequest.sys.mjs :: open :: line 126"  data: no]
2026-06-09 04:09:00,062 - MainProcess[MainThread]- storage_controller   - DEBUG   : StorageController status: There are currently 0 scheduled tasks for 0 visit_ids
2026-06-09 04:09:04,994 - MainProcess[MainThread]- browser_manager      - DEBUG   : BROWSER 2171588213: Browser manager closed successfully.
2026-06-09 04:09:04,995 - MainProcess[MainThread]- browser_manager      - DEBUG   : BROWSER 2171588213: during_init=False | profile_archive_dir=None
2026-06-09 04:09:05,063 - MainProcess[MainThread]- storage_controller   - DEBUG   : StorageController status: There are currently 0 scheduled tasks for 0 visit_ids
2026-06-09 04:09:05,147 - MainProcess[MainThread]- storage_controller   - DEBUG   : Sending the shutdown signal to the Storage Controller...
2026-06-09 04:09:05,148 - MainProcess[MainThread]- storage_controller   - INFO    : Terminating handler for TaskManager, because the underlying socket closed
2026-06-09 04:09:10,069 - MainProcess[MainThread]- storage_controller   - INFO    : Received shutdown signal!
2026-06-09 04:09:10,069 - MainProcess[MainThread]- storage_controller   - INFO    : Closing Server
2026-06-09 04:09:10,070 - MainProcess[MainThread]- storage_controller   - INFO    : Closed Server
2026-06-09 04:09:10,070 - MainProcess[MainThread]- storage_controller   - INFO    : Cancelling status_queue_update
2026-06-09 04:09:10,071 - MainProcess[MainThread]- storage_controller   - INFO    : Cancelled status_queue_update
2026-06-09 04:09:10,071 - MainProcess[MainThread]- storage_controller   - INFO    : Cancelling timeout_check
2026-06-09 04:09:10,071 - MainProcess[MainThread]- storage_controller   - INFO    : Cancelled timeout_check
2026-06-09 04:09:10,072 - MainProcess[MainThread]- storage_controller   - INFO    : Starting wait_closed
2026-06-09 04:09:10,072 - MainProcess[MainThread]- storage_controller   - INFO    : Completed wait_closed
2026-06-09 04:09:10,072 - MainProcess[MainThread]- storage_controller   - INFO    : Entering self.shutdown
2026-06-09 04:09:10,073 - MainProcess[MainThread]- storage_controller   - INFO    : structured_storage is shut down
2026-06-09 04:09:10,086 - MainProcess[MainThread]- storage_controller   - DEBUG   : StorageControllerHandle took 4.938451290130615 seconds to close.
