2026-06-09 02:49:43,080 - MainProcess[MainThread]- browser_manager      - INFO    : BROWSER 655254053: Launching browser...
2026-06-09 02:49:43,083 - MainProcess[MainThread]- browser_manager      - DEBUG   : BROWSER 655254053: Spawn attempt 0 
2026-06-09 02:49:43,086 - MainProcess[MainThread]- storage_controller   - INFO    : Initializing new handler for TaskManager
2026-06-09 02:49:43,102 - MainProcess[MainThread]- deploy_firefox       - DEBUG   : BROWSER 655254053: Saved extension config file to: /tmp/firefox_profile_xktx2nsf/browser_params.json
2026-06-09 02:49:43,116 - MainProcess[log-interceptor-655254053]- selenium_firefox     - DEBUG   : BROWSER 655254053: driver: 1780966183116	geckodriver	INFO	Listening on 127.0.0.1:40733
2026-06-09 02:49:43,165 - MainProcess[log-interceptor-655254053]- selenium_firefox     - DEBUG   : BROWSER 655254053: driver: 1780966183165	mozrunner::runner	INFO	Running command: MOZ_CRASHREPORTER="1" MOZ_CRASHREPORTER_NO_REPORT="1" MOZ_CRASHREPORTER_SHUTDOWN="1" "/home/pedro/Escritorio ...  "--headless" "--width=1366" "--height=768" "--remote-debugging-port" "11111" "--remote-allow-hosts" "localhost" "-no-remote"
2026-06-09 02:49:43,226 - MainProcess[log-interceptor-655254053]- selenium_firefox     - DEBUG   : BROWSER 655254053: driver: *** You are running in headless mode.
2026-06-09 02:49:43,364 - MainProcess[log-interceptor-655254053]- selenium_firefox     - DEBUG   : BROWSER 655254053: driver: console.warn: services.settings: Ignoring preference override of remote settings server
2026-06-09 02:49:43,365 - MainProcess[log-interceptor-655254053]- selenium_firefox     - DEBUG   : BROWSER 655254053: driver: console.warn: services.settings: Allow by setting MOZ_REMOTE_SETTINGS_DEVTOOLS=1 in the environment
2026-06-09 02:49:44,068 - MainProcess[log-interceptor-655254053]- selenium_firefox     - DEBUG   : BROWSER 655254053: driver: 1780966184068	Marionette	INFO	Marionette enabled
2026-06-09 02:49:44,359 - MainProcess[log-interceptor-655254053]- selenium_firefox     - DEBUG   : BROWSER 655254053: driver: console.error: "Warning: unrecognized command line flag" "-width"
2026-06-09 02:49:44,360 - MainProcess[log-interceptor-655254053]- selenium_firefox     - DEBUG   : BROWSER 655254053: driver: console.error: "Warning: unrecognized command line flag" "-height"
2026-06-09 02:49:44,402 - MainProcess[log-interceptor-655254053]- selenium_firefox     - DEBUG   : BROWSER 655254053: driver: 1780966184402	Marionette	INFO	Listening on port 23865
2026-06-09 02:49:44,438 - MainProcess[log-interceptor-655254053]- selenium_firefox     - DEBUG   : BROWSER 655254053: driver: WebDriver BiDi listening on ws://127.0.0.1:11111
2026-06-09 02:49:44,475 - MainProcess[log-interceptor-655254053]- selenium_firefox     - DEBUG   : BROWSER 655254053: driver: Read port: 23865
2026-06-09 02:49:44,672 - MainProcess[log-interceptor-655254053]- selenium_firefox     - DEBUG   : BROWSER 655254053: driver: 1780966184669	RemoteAgent	WARN	TLS certificate errors will be ignored for this session
2026-06-09 02:49:48,093 - MainProcess[MainThread]- storage_controller   - DEBUG   : StorageController status: There are currently 0 scheduled tasks for 0 visit_ids
2026-06-09 02:49:49,342 - MainProcess[MainThread]- deploy_firefox       - DEBUG   : BROWSER 655254053: OpenWPM Firefox extension loaded
2026-06-09 02:49:49,353 - MainProcess[MainThread]- browser_manager      - DEBUG   : BROWSER 655254053: Looking for extension port information in /tmp/firefox_profile_xktx2nsf
2026-06-09 02:49:49,363 - MainProcess[MainThread]- storage_controller   - INFO    : Initializing new handler for Browser-655254053
2026-06-09 02:49:49,364 - MainProcess[log-interceptor-655254053]- selenium_firefox     - DEBUG   : BROWSER 655254053: driver: console.log: WebExtensions: Wrote to /tmp/firefox_profile_xktx2nsf/extension_port.txt
2026-06-09 02:49:49,365 - MainProcess[Thread-1 (_start_listener)]- FirefoxExtension     - DEBUG   : Navigation instrumentation enabled
2026-06-09 02:49:49,377 - MainProcess[Thread-1 (_start_listener)]- FirefoxExtension     - DEBUG   : Cookie instrumentation enabled
2026-06-09 02:49:49,384 - MainProcess[Thread-1 (_start_listener)]- FirefoxExtension     - DEBUG   : Javascript instrumentation enabled
2026-06-09 02:49:49,407 - MainProcess[Thread-1 (_start_listener)]- FirefoxExtension     - DEBUG   : HTTP Instrumentation enabled
2026-06-09 02:49:49,411 - MainProcess[Thread-1 (_start_listener)]- FirefoxExtension     - DEBUG   : DNS instrumentation enabled
2026-06-09 02:49:49,413 - MainProcess[log-interceptor-655254053]- selenium_firefox     - DEBUG   : BROWSER 655254053: driver: console.log: WebExtensions: Wrote to /tmp/firefox_profile_xktx2nsf/OPENWPM_STARTUP_SUCCESS.txt
2026-06-09 02:49:49,457 - MainProcess[MainThread]- browser_manager      - DEBUG   : BROWSER 655254053: Connecting to extension on port 28407
2026-06-09 02:49:49,459 - MainProcess[MainThread]- browser_manager      - DEBUG   : BROWSER 655254053: BrowserManager ready.
2026-06-09 02:49:49,463 - MainProcess[MainThread]- browser_manager      - DEBUG   : BROWSER 655254053: Browser spawn successful!
2026-06-09 02:49:49,660 - MainProcess[MainThread]- storage_controller   - INFO    : Initializing new handler for StorageControllerHandle
2026-06-09 02:49:49,663 - MainProcess[MainThread]- storage_controller   - INFO    : Awaiting all tasks for visit_id -1
2026-06-09 02:49:49,676 - MainProcess[MainThread]- storage_controller   - DEBUG   : Awaited all tasks for visit_id -1 while finalizing
2026-06-09 02:49:49,676 - MainProcess[MainThread]- task_manager         - INFO    : 

OpenWPM Version: b'v0.32.0'
Firefox Version: b'148.0'

========== Manager Configuration ==========
{
  "_failure_limit": null,
  "data_directory": "/home/pedro/Escritorio/UNI/CUARTO/tfg/Herramienta_Priv/output/abc.es_20260609_024938/openwpm",
  "log_path": "/home/pedro/Escritorio/UNI/CUARTO/tfg/Herramienta_Priv/output/abc.es_20260609_024938/openwpm/openwpm.log",
  "logger_address": [
    "127.0.0.1",
    50235
  ],
  "memory_watchdog": false,
  "num_browsers": 1,
  "process_watchdog": false,
  "screenshot_path": "/home/pedro/Escritorio/UNI/CUARTO/tfg/Herramienta_Priv/output/abc.es_20260609_024938/openwpm/screenshots",
  "source_dump_path": "/home/pedro/Escritorio/UNI/CUARTO/tfg/Herramienta_Priv/output/abc.es_20260609_024938/openwpm/sources",
  "storage_controller_address": [
    "127.0.0.1",
    22361
  ],
  "testing": false
}

========== Browser Configuration ==========
Keys:
{
  "browser_id": 0,
  "bot_mitigation": 1,
  "browser": 2,
  "callstack_instrument": 3,
  "cookie_instrument": 4,
  "custom_params": 5,
  "display_mode": 6,
  "dns_instrument": 7,
  "donottrack": 8,
  "http_instrument": 9,
  "js_instrument": 10,
  "js_instrument_settings": 11,
  "maximum_profile_size": 12,
  "navigation_instrument": 13,
  "prefs": 14,
  "profile_path": 15,
  "recovery_tar": 16,
  "save_content": 17,
  "tmp_profile_dir": 18,
  "tp_cookies": 19,
  "tracking_protection": 20
}

        0  1      2        3      4     5    6         7     8      9     10    11                             12    13    14    15    16    17     18    19      20
---------  -----  -------  -----  ----  ---  --------  ----  -----  ----  ----  -----------------------------  ----  ----  ----  ----  ----  -----  ----  ------  -----
655254053  False  firefox  False  True  {}   headless  True  False  True  True  ['collection_fingerprinting']        True  {}                False  /tmp  always  False

========== JS Instrument Settings ==========
{"655254053":[{"object":"window['ScriptProcessorNode'].prototype","instrumentedName":"ScriptProcessorNode","logSettings":{"propertiesToInstrument":[],"nonExistingPropertiesToInstrument":[],"excludedProperties":[],"logCallStack":false,"logFunctionsAsStrings":false,"logFunctionGets":false,"preventSets":false,"recursive":false,"depth":5}},{"object":"window['GainNode'].prototype","instrumentedName":"GainNode","logSettings":{"propertiesToInstrument":[],"nonExistingPropertiesToInstrument":[],"excludedProperties":[],"logCallStack":false,"logFunctionsAsStrings":false,"logFunctionGets":false,"preventSets":false,"recursive":false,"depth":5}},{"object":"window['AnalyserNode'].prototype","instrumentedName":"AnalyserNode","logSettings":{"propertiesToInstrument":[],"nonExistingPropertiesToInstrument":[],"excludedProperties":[],"logCallStack":false,"logFunctionsAsStrings":false,"logFunctionGets":false,"preventSets":false,"recursive":false,"depth":5}},{"object":"window['OscillatorNode'].prototype","instrumentedName":"OscillatorNode","logSettings":{"propertiesToInstrument":[],"nonExistingPropertiesToInstrument":[],"excludedProperties":[],"logCallStack":false,"logFunctionsAsStrings":false,"logFunctionGets":false,"preventSets":false,"recursive":false,"depth":5}},{"object":"window['OfflineAudioContext'].prototype","instrumentedName":"OfflineAudioContext","logSettings":{"propertiesToInstrument":[],"nonExistingPropertiesToInstrument":[],"excludedProperties":[],"logCallStack":false,"logFunctionsAsStrings":false,"logFunctionGets":false,"preventSets":false,"recursive":false,"depth":5}},{"object":"window['AudioContext'].prototype","instrumentedName":"AudioContext","logSettings":{"propertiesToInstrument":[],"nonExistingPropertiesToInstrument":[],"excludedProperties":[],"logCallStack":false,"logFunctionsAsStrings":false,"logFunctionGets":false,"preventSets":false,"recursive":false,"depth":5}},{"object":"window['RTCPeerConnection'].prototype","instrumentedName":"RTCPeerConnection","logSettings":{"propertiesToInstrument":[],"nonExistingPropertiesToInstrument":[],"excludedProperties":[],"logCallStack":false,"logFunctionsAsStrings":false,"logFunctionGets":false,"preventSets":false,"recursive":false,"depth":5}},{"object":"window['HTMLCanvasElement'].prototype","instrumentedName":"HTMLCanvasElement","logSettings":{"propertiesToInstrument":[],"nonExistingPropertiesToInstrument":[],"excludedProperties":[],"logCallStack":false,"logFunctionsAsStrings":false,"logFunctionGets":false,"preventSets":false,"recursive":false,"depth":5}},{"object":"window['Storage'].prototype","instrumentedName":"Storage","logSettings":{"propertiesToInstrument":[],"nonExistingPropertiesToInstrument":[],"excludedProperties":[],"logCallStack":false,"logFunctionsAsStrings":false,"logFunctionGets":false,"preventSets":false,"recursive":false,"depth":5}},{"object":"window.navigator","instrumentedName":"window.navigator","logSettings":{"propertiesToInstrument":[],"nonExistingPropertiesToInstrument":[],"excludedProperties":[],"logCallStack":false,"logFunctionsAsStrings":false,"logFunctionGets":false,"preventSets":false,"recursive":false,"depth":5}},{"object":"window['CanvasRenderingContext2D'].prototype","instrumentedName":"CanvasRenderingContext2D","logSettings":{"propertiesToInstrument":[],"nonExistingPropertiesToInstrument":[],"excludedProperties":["lineTo","beginPath","globalAlpha","canvas","quadraticCurveTo","drawImage","clearRect","transform","closePath","translate","setTransform","moveTo"],"logCallStack":false,"logFunctionsAsStrings":false,"logFunctionGets":false,"preventSets":false,"recursive":false,"depth":5}},{"object":"window","instrumentedName":"window","logSettings":{"propertiesToInstrument":["name","localStorage","sessionStorage"],"nonExistingPropertiesToInstrument":[],"excludedProperties":[],"logCallStack":false,"logFunctionsAsStrings":false,"logFunctionGets":false,"preventSets":false,"recursive":false,"depth":5}},{"object":"window.document","instrumentedName":"window.document","logSettings":{"propertiesToInstrument":["referrer","cookie"],"nonExistingPropertiesToInstrument":[],"excludedProperties":[],"logCallStack":true,"logFunctionsAsStrings":false,"logFunctionGets":false,"preventSets":false,"recursive":false,"depth":5}},{"object":"window.screen","instrumentedName":"window.screen","logSettings":{"propertiesToInstrument":["pixelDepth","colorDepth"],"nonExistingPropertiesToInstrument":[],"excludedProperties":[],"logCallStack":false,"logFunctionsAsStrings":false,"logFunctionGets":false,"preventSets":false,"recursive":false,"depth":5}}]}

========== Input profile tar files ==========
  No profile tar files specified

========== Output (archive) profile dirs ==========
  No profile archive directories specified


2026-06-09 02:49:49,683 - MainProcess[MainThread]- task_manager         - DEBUG   : Checking command failure status indicator...
2026-06-09 02:49:49,687 - MainProcess[BrowserManagerHandle-655254053]- browser_manager      - INFO    : Starting to work on CommandSequence with visit_id 8503853912212602 on browser with id 655254053
2026-06-09 02:49:49,697 - MainProcess[MainThread]- browser_manager      - INFO    : BROWSER 655254053: EXECUTING COMMAND: InitializeCommand()
2026-06-09 02:49:49,702 - MainProcess[MainThread]- browser_manager      - INFO    : BROWSER 655254053: EXECUTING COMMAND: GetCommand(https://www.abc.es,15)
2026-06-09 02:49:49,716 - MainProcess[MainThread]- storage_controller   - INFO    : Terminating handler for StorageControllerHandle, because the underlying socket closed
2026-06-09 02:49:49,738 - MainProcess[Thread-1 (_start_listener)]- FirefoxExtension     - DEBUG   : Setting visit_id the legacy way
2026-06-09 02:49:53,109 - MainProcess[MainThread]- storage_controller   - DEBUG   : StorageController status: There are currently 0 scheduled tasks for 1 visit_ids
2026-06-09 02:49:58,113 - MainProcess[MainThread]- storage_controller   - DEBUG   : StorageController status: There are currently 0 scheduled tasks for 1 visit_ids
2026-06-09 02:50:03,117 - MainProcess[MainThread]- storage_controller   - DEBUG   : StorageController status: There are currently 0 scheduled tasks for 1 visit_ids
2026-06-09 02:50:08,120 - MainProcess[MainThread]- storage_controller   - DEBUG   : StorageController status: There are currently 0 scheduled tasks for 1 visit_ids
2026-06-09 02:50:12,861 - MainProcess[MainThread]- browser_manager      - INFO    : BROWSER 655254053: EXECUTING COMMAND: FinalizeCommand(5)
2026-06-09 02:50:13,020 - MainProcess[log-interceptor-655254053]- selenium_firefox     - DEBUG   : BROWSER 655254053: driver: JavaScript warning: https://www.abc.es/, line 6: Script terminated by timeout at:
2026-06-09 02:50:13,021 - MainProcess[log-interceptor-655254053]- selenium_firefox     - DEBUG   : BROWSER 655254053: driver: nrWrapper@https://www.abc.es/:6:8739
2026-06-09 02:50:13,021 - MainProcess[log-interceptor-655254053]- selenium_firefox     - DEBUG   : BROWSER 655254053: driver: 
2026-06-09 02:50:13,069 - MainProcess[log-interceptor-655254053]- selenium_firefox     - DEBUG   : BROWSER 655254053: driver: JavaScript error: undefined, line 0: Error: Invalid tab ID: 1
2026-06-09 02:50:13,070 - MainProcess[log-interceptor-655254053]- selenium_firefox     - DEBUG   : BROWSER 655254053: driver: JavaScript error: undefined, line 0: Error: Invalid tab ID: 1
2026-06-09 02:50:13,070 - MainProcess[log-interceptor-655254053]- selenium_firefox     - DEBUG   : BROWSER 655254053: driver: JavaScript error: undefined, line 0: Error: Invalid tab ID: 1
2026-06-09 02:50:13,071 - MainProcess[log-interceptor-655254053]- selenium_firefox     - DEBUG   : BROWSER 655254053: driver: JavaScript error: undefined, line 0: Error: Invalid tab ID: 1
2026-06-09 02:50:13,122 - MainProcess[MainThread]- storage_controller   - DEBUG   : StorageController status: There are currently 0 scheduled tasks for 1 visit_ids
2026-06-09 02:50:13,216 - MainProcess[log-interceptor-655254053]- selenium_firefox     - DEBUG   : BROWSER 655254053: driver: JavaScript error: undefined, line 0: Error: Invalid tab ID: 1
2026-06-09 02:50:18,064 - MainProcess[BrowserManagerHandle-655254053]- browser_manager      - INFO    : Finished working on CommandSequence with visit_id 8503853912212602 on browser with id 655254053
2026-06-09 02:50:18,065 - MainProcess[MainThread]- storage_controller   - INFO    : Awaiting all tasks for visit_id 8503853912212602
2026-06-09 02:50:18,066 - MainProcess[MainThread]- storage_controller   - DEBUG   : Awaited all tasks for visit_id 8503853912212602 while finalizing
2026-06-09 02:50:18,124 - MainProcess[MainThread]- storage_controller   - DEBUG   : StorageController status: There are currently 0 scheduled tasks for 0 visit_ids
2026-06-09 02:50:20,065 - MainProcess[MainThread]- browser_manager      - DEBUG   : BROWSER 655254053: Closing browser manager...
2026-06-09 02:50:20,065 - MainProcess[MainThread]- browser_manager      - DEBUG   : BROWSER 655254053: Closing browser...
2026-06-09 02:50:20,066 - MainProcess[MainThread]- browser_manager      - DEBUG   : BROWSER 655254053: Joining command thread
2026-06-09 02:50:20,066 - MainProcess[MainThread]- browser_manager      - DEBUG   : BROWSER 655254053: 0.000023 seconds to join command thread
2026-06-09 02:50:20,069 - MainProcess[log-interceptor-655254053]- selenium_firefox     - DEBUG   : BROWSER 655254053: driver: 1780966220069	Marionette	INFO	Stopped listening on port 23865
2026-06-09 02:50:20,762 - MainProcess[log-interceptor-655254053]- selenium_firefox     - DEBUG   : BROWSER 655254053: driver: console.warn: TopSitesFeed: Failed to fetch data from MARS server: NetworkError when attempting to fetch resource.
2026-06-09 02:50:20,791 - MainProcess[log-interceptor-655254053]- selenium_firefox     - DEBUG   : BROWSER 655254053: driver: console.error: WebExtensions:
2026-06-09 02:50:20,792 - MainProcess[MainThread]- storage_controller   - INFO    : Terminating handler for Browser-655254053, because the underlying socket closed
2026-06-09 02:50:20,792 - MainProcess[log-interceptor-655254053]- selenium_firefox     - DEBUG   : BROWSER 655254053: driver: Message: [Exception... "Component returned failure code: 0x804b0010 (NS_ERROR_OFFLINE) [nsIInputStream.available]"  nsresult: "0x804b0010 (NS_ERROR_OFFLINE)"  location: "JS frame :: jar:file:///tmp/addon-1a2b1296-01f1-463f-986c-a662b19dc369.xpi!/privileged/sockets/api.js :: onInputStreamReady :: line 49"  data: no]
2026-06-09 02:50:20,792 - MainProcess[log-interceptor-655254053]- selenium_firefox     - DEBUG   : BROWSER 655254053: driver: Stack:
2026-06-09 02:50:20,792 - MainProcess[log-interceptor-655254053]- selenium_firefox     - DEBUG   : BROWSER 655254053: driver: onInputStreamReady@jar:file:///tmp/addon-1a2b1296-01f1-463f-986c-a662b19dc369.xpi!/privileged/sockets/api.js:49:33
2026-06-09 02:50:20,793 - MainProcess[log-interceptor-655254053]- selenium_firefox     - DEBUG   : BROWSER 655254053: driver: 
2026-06-09 02:50:20,998 - MainProcess[MainThread]- browser_manager      - DEBUG   : BROWSER 655254053: Browser manager closed successfully.
2026-06-09 02:50:20,999 - MainProcess[MainThread]- browser_manager      - DEBUG   : BROWSER 655254053: during_init=False | profile_archive_dir=None
2026-06-09 02:50:21,076 - MainProcess[MainThread]- storage_controller   - DEBUG   : Sending the shutdown signal to the Storage Controller...
2026-06-09 02:50:21,076 - MainProcess[MainThread]- storage_controller   - INFO    : Terminating handler for TaskManager, because the underlying socket closed
2026-06-09 02:50:23,105 - MainProcess[MainThread]- storage_controller   - INFO    : Received shutdown signal!
2026-06-09 02:50:23,106 - MainProcess[MainThread]- storage_controller   - INFO    : Closing Server
2026-06-09 02:50:23,107 - MainProcess[MainThread]- storage_controller   - INFO    : Closed Server
2026-06-09 02:50:23,107 - MainProcess[MainThread]- storage_controller   - INFO    : Cancelling status_queue_update
2026-06-09 02:50:23,108 - MainProcess[MainThread]- storage_controller   - INFO    : Cancelled status_queue_update
2026-06-09 02:50:23,109 - MainProcess[MainThread]- storage_controller   - INFO    : Cancelling timeout_check
2026-06-09 02:50:23,110 - MainProcess[MainThread]- storage_controller   - INFO    : Cancelled timeout_check
2026-06-09 02:50:23,110 - MainProcess[MainThread]- storage_controller   - INFO    : Starting wait_closed
2026-06-09 02:50:23,111 - MainProcess[MainThread]- storage_controller   - INFO    : Completed wait_closed
2026-06-09 02:50:23,113 - MainProcess[MainThread]- storage_controller   - INFO    : Entering self.shutdown
2026-06-09 02:50:23,130 - MainProcess[MainThread]- storage_controller   - INFO    : structured_storage is shut down
2026-06-09 02:50:23,150 - MainProcess[MainThread]- storage_controller   - DEBUG   : StorageControllerHandle took 2.0734055042266846 seconds to close.
